#
# There is insufficient memory for the Java Runtime Environment to continue.
# Native memory allocation (malloc) failed to allocate 1655856 bytes for Chunk::new
# Possible reasons:
#   The system is out of physical RAM or swap space
#   The process is running with CompressedOops enabled, and the Java Heap may be blocking the growth of the native heap
# Possible solutions:
#   Reduce memory load on the system
#   Increase physical memory or swap space
#   Check if swap backing store is full
#   Decrease Java heap size (-Xmx/-Xms)
#   Decrease number of Java threads
#   Decrease Java thread stack sizes (-Xss)
#   Set larger code cache with -XX:ReservedCodeCacheSize=
#   JVM is running with Unscaled Compressed Oops mode in which the Java heap is
#     placed in the first 4GB address space. The Java Heap base address is the
#     maximum limit for the native heap growth. Please use -XX:HeapBaseMinAddress
#     to set the Java Heap base and to place the Java Heap above 4GB virtual address.
# This output file may be truncated or incomplete.
#
#  Out of Memory Error (arena.cpp:189), pid=25148, tid=25316
#
# JRE version: Java(TM) SE Runtime Environment (17.0.16+12) (build 17.0.16+12-LTS-247)
# Java VM: Java HotSpot(TM) 64-Bit Server VM (17.0.16+12-LTS-247, mixed mode, sharing, tiered, compressed oops, compressed class ptrs, g1 gc, windows-amd64)
# No core dump will be written. Minidumps are not enabled by default on client versions of Windows
#

---------------  S U M M A R Y ------------

Command Line: -javaagent:F:\intelij soft\IntelliJ IDEA 2025.2\lib\idea_rt.jar=59925 -Dfile.encoding=UTF-8 com.spring.jwt.JwtWithSpringSecurityApplication

Host: AMD Ryzen 5 4600H with Radeon Graphics         , 12 cores, 7G,  Windows 11 , 64 bit Build 26100 (10.0.26100.7019)
Time: Fri Oct 31 17:44:20 2025 India Standard Time elapsed time: 2988.613860 seconds (0d 0h 49m 48s)

---------------  T H R E A D  ---------------

Current thread (0x000001c3e6933e00):  JavaThread "C2 CompilerThread0" daemon [_thread_in_native, id=25316, stack(0x0000003e0bf00000,0x0000003e0c000000)]


Current CompileTask:
C2:2988613 17269       4       org.aspectj.weaver.ResolvedMemberImpl::appendSigWithTypeVarBoundsRemoved (132 bytes)

Stack: [0x0000003e0bf00000,0x0000003e0c000000]
Native frames: (J=compiled Java code, j=interpreted, Vv=VM code, C=native code)
V  [jvm.dll+0x67a46a]
V  [jvm.dll+0x7da77d]
V  [jvm.dll+0x7dc0c3]
V  [jvm.dll+0x7dc733]
V  [jvm.dll+0x24523f]
V  [jvm.dll+0xab763]
V  [jvm.dll+0xabd2c]
V  [jvm.dll+0x361ebf]
V  [jvm.dll+0x32c5e1]
V  [jvm.dll+0x32ba7a]
V  [jvm.dll+0x2169ef]
V  [jvm.dll+0x215e1f]
V  [jvm.dll+0x1a2a00]
V  [jvm.dll+0x2262bb]
V  [jvm.dll+0x22445b]
V  [jvm.dll+0x790b9c]
V  [jvm.dll+0x78b18a]
V  [jvm.dll+0x679355]
C  [ucrtbase.dll+0x37b0]
C  [KERNEL32.DLL+0x2e8d7]
C  [ntdll.dll+0x8c53c]


---------------  P R O C E S S  ---------------

Threads class SMR info:
_java_thread_list=0x000001c3f14a2f40, length=21, elements={
0x000001c3e6918530, 0x000001c3e6919a50, 0x000001c3e69307f0, 0x000001c3e69311a0,
0x000001c3e69326c0, 0x000001c3e6933070, 0x000001c3e6933e00, 0x000001c3e6935410,
0x000001c3e6937890, 0x000001c3e6b56fe0, 0x000001c3eb4fd7e0, 0x000001c3ef91a8e0,
0x000001c3f0d7be10, 0x000001c3ef981820, 0x000001c3f0b4aa70, 0x000001c3f0d7c2e0,
0x000001c3f0d7c7b0, 0x000001c3ec47ed80, 0x000001c3ec47e3e0, 0x000001c3ec47d570,
0x000001c3f0d7b470
}

Java Threads: ( => current thread )
  0x000001c3e6918530 JavaThread "Reference Handler" daemon [_thread_blocked, id=26356, stack(0x0000003e0b900000,0x0000003e0ba00000)]
  0x000001c3e6919a50 JavaThread "Finalizer" daemon [_thread_blocked, id=9288, stack(0x0000003e0ba00000,0x0000003e0bb00000)]
  0x000001c3e69307f0 JavaThread "Signal Dispatcher" daemon [_thread_blocked, id=22756, stack(0x0000003e0bb00000,0x0000003e0bc00000)]
  0x000001c3e69311a0 JavaThread "Attach Listener" daemon [_thread_blocked, id=17544, stack(0x0000003e0bc00000,0x0000003e0bd00000)]
  0x000001c3e69326c0 JavaThread "Service Thread" daemon [_thread_blocked, id=204, stack(0x0000003e0bd00000,0x0000003e0be00000)]
  0x000001c3e6933070 JavaThread "Monitor Deflation Thread" daemon [_thread_blocked, id=2864, stack(0x0000003e0be00000,0x0000003e0bf00000)]
=>0x000001c3e6933e00 JavaThread "C2 CompilerThread0" daemon [_thread_in_native, id=25316, stack(0x0000003e0bf00000,0x0000003e0c000000)]
  0x000001c3e6935410 JavaThread "C1 CompilerThread0" daemon [_thread_blocked, id=2064, stack(0x0000003e0c000000,0x0000003e0c100000)]
  0x000001c3e6937890 JavaThread "Sweeper thread" daemon [_thread_blocked, id=9264, stack(0x0000003e0c100000,0x0000003e0c200000)]
  0x000001c3e6b56fe0 JavaThread "Common-Cleaner" daemon [_thread_blocked, id=25332, stack(0x0000003e0c200000,0x0000003e0c300000)]
  0x000001c3eb4fd7e0 JavaThread "Notification Thread" daemon [_thread_blocked, id=13092, stack(0x0000003e0c500000,0x0000003e0c600000)]
  0x000001c3ef91a8e0 JavaThread "mysql-cj-abandoned-connection-cleanup" daemon [_thread_blocked, id=20688, stack(0x0000003e0da00000,0x0000003e0db00000)]
  0x000001c3f0d7be10 JavaThread "Live Reload Server" daemon [_thread_in_native, id=11972, stack(0x0000003e0e200000,0x0000003e0e300000)]
  0x000001c3ef981820 JavaThread "DestroyJavaVM" [_thread_blocked, id=2108, stack(0x0000003e0b200000,0x0000003e0b300000)]
  0x000001c3f0b4aa70 JavaThread "Thread-5" [_thread_blocked, id=12272, stack(0x0000003e0b000000,0x0000003e0b100000)]
  0x000001c3f0d7c2e0 JavaThread "restartedMain" [_thread_in_native, id=8888, stack(0x0000003e0b100000,0x0000003e0b200000)]
  0x000001c3f0d7c7b0 JavaThread "HikariPool-2 housekeeper" daemon [_thread_blocked, id=25380, stack(0x0000003e0d800000,0x0000003e0d900000)]
  0x000001c3ec47ed80 JavaThread "HikariPool-2 connection adder" daemon [_thread_blocked, id=15200, stack(0x0000003e0db00000,0x0000003e0dc00000)]
  0x000001c3ec47e3e0 JavaThread "Catalina-utility-1" [_thread_blocked, id=10244, stack(0x0000003e0d500000,0x0000003e0d600000)]
  0x000001c3ec47d570 JavaThread "Catalina-utility-2" [_thread_blocked, id=4640, stack(0x0000003e0dc00000,0x0000003e0dd00000)]
  0x000001c3f0d7b470 JavaThread "container-0" [_thread_blocked, id=412, stack(0x0000003e0dd00000,0x0000003e0de00000)]

Other Threads:
  0x000001c3e6913010 VMThread "VM Thread" [stack: 0x0000003e0b800000,0x0000003e0b900000] [id=16228]
  0x000001c3eb2f9a00 WatcherThread [stack: 0x0000003e0c600000,0x0000003e0c700000] [id=17404]
  0x000001c3c88cfba0 GCTaskThread "GC Thread#0" [stack: 0x0000003e0b300000,0x0000003e0b400000] [id=4796]
  0x000001c3eb70c6c0 GCTaskThread "GC Thread#1" [stack: 0x0000003e0c700000,0x0000003e0c800000] [id=19700]
  0x000001c3eb318480 GCTaskThread "GC Thread#2" [stack: 0x0000003e0c800000,0x0000003e0c900000] [id=24756]
  0x000001c3eb318740 GCTaskThread "GC Thread#3" [stack: 0x0000003e0c900000,0x0000003e0ca00000] [id=9800]
  0x000001c3eb7726f0 GCTaskThread "GC Thread#4" [stack: 0x0000003e0ca00000,0x0000003e0cb00000] [id=17156]
  0x000001c3eb59c6c0 GCTaskThread "GC Thread#5" [stack: 0x0000003e0d100000,0x0000003e0d200000] [id=11560]
  0x000001c3ebb4f020 GCTaskThread "GC Thread#6" [stack: 0x0000003e0d200000,0x0000003e0d300000] [id=3024]
  0x000001c3ebb4f2e0 GCTaskThread "GC Thread#7" [stack: 0x0000003e0d300000,0x0000003e0d400000] [id=26208]
  0x000001c3ebbd4bb0 GCTaskThread "GC Thread#8" [stack: 0x0000003e0d600000,0x0000003e0d700000] [id=11996]
  0x000001c3ec8fa450 GCTaskThread "GC Thread#9" [stack: 0x0000003e0d700000,0x0000003e0d800000] [id=26124]
  0x000001c3c88df6f0 ConcurrentGCThread "G1 Main Marker" [stack: 0x0000003e0b400000,0x0000003e0b500000] [id=23356]
  0x000001c3c88e0dd0 ConcurrentGCThread "G1 Conc#0" [stack: 0x0000003e0b500000,0x0000003e0b600000] [id=22784]
  0x000001c3ecffa1d0 ConcurrentGCThread "G1 Conc#1" [stack: 0x0000003e0c300000,0x0000003e0c400000] [id=2772]
  0x000001c3ecff8650 ConcurrentGCThread "G1 Conc#2" [stack: 0x0000003e0d900000,0x0000003e0da00000] [id=5236]
  0x000001c3c892e620 ConcurrentGCThread "G1 Refine#0" [stack: 0x0000003e0b600000,0x0000003e0b700000] [id=18172]
  0x000001c3ebd60200 ConcurrentGCThread "G1 Refine#1" [stack: 0x0000003e0cb00000,0x0000003e0cc00000] [id=9656]
  0x000001c3eb8c1020 ConcurrentGCThread "G1 Refine#2" [stack: 0x0000003e0cc00000,0x0000003e0cd00000] [id=17272]
  0x000001c3eb7709a0 ConcurrentGCThread "G1 Refine#3" [stack: 0x0000003e0cd00000,0x0000003e0ce00000] [id=13788]
  0x000001c3eb8c1310 ConcurrentGCThread "G1 Refine#4" [stack: 0x0000003e0ce00000,0x0000003e0cf00000] [id=25188]
  0x000001c3e6d0c190 ConcurrentGCThread "G1 Refine#5" [stack: 0x0000003e0cf00000,0x0000003e0d000000] [id=2692]
  0x000001c3eb2883e0 ConcurrentGCThread "G1 Refine#6" [stack: 0x0000003e0d000000,0x0000003e0d100000] [id=24296]
  0x000001c3e6791150 ConcurrentGCThread "G1 Service" [stack: 0x0000003e0b700000,0x0000003e0b800000] [id=20588]

Threads with active compile tasks:
C2 CompilerThread0  2988641 17269       4       org.aspectj.weaver.ResolvedMemberImpl::appendSigWithTypeVarBoundsRemoved (132 bytes)

VM state: not at safepoint (normal execution)

VM Mutex/Monitor currently owned by a thread: None

Heap address: 0x000000008a000000, size: 1888 MB, Compressed Oops mode: 32-bit

CDS archive(s) mapped at: [0x000001c380000000-0x000001c380bd0000-0x000001c380bd0000), size 12386304, SharedBaseAddress: 0x000001c380000000, ArchiveRelocationMode: 1.
Compressed class space mapped at: 0x000001c381000000-0x000001c3c1000000, reserved size: 1073741824
Narrow klass base: 0x000001c380000000, Narrow klass shift: 0, Narrow klass range: 0x100000000

GC Precious Log:
 CPUs: 12 total, 12 available
 Memory: 7549M
 Large Page Support: Disabled
 NUMA Support: Disabled
 Compressed Oops: Enabled (32-bit)
 Heap Region Size: 1M
 Heap Min Capacity: 8M
 Heap Initial Capacity: 118M
 Heap Max Capacity: 1888M
 Pre-touch: Disabled
 Parallel Workers: 10
 Concurrent Workers: 3
 Concurrent Refinement Workers: 10
 Periodic GC: Disabled

Heap:
 garbage-first heap   total 263168K, used 160660K [0x000000008a000000, 0x0000000100000000)
  region size 1024K, 63 young (64512K), 3 survivors (3072K)
 Metaspace       used 103975K, committed 104576K, reserved 1179648K
  class space    used 13662K, committed 13952K, reserved 1048576K

Heap Regions: E=young(eden), S=young(survivor), O=old, HS=humongous(starts), HC=humongous(continues), CS=collection set, F=free, OA=open archive, CA=closed archive, TAMS=top-at-mark-start (previous, next)
|   0|0x000000008a000000, 0x000000008a100000, 0x000000008a100000|100%|HS|  |TAMS 0x000000008a100000, 0x000000008a000000| Complete 
|   1|0x000000008a100000, 0x000000008a200000, 0x000000008a200000|100%|HS|  |TAMS 0x000000008a200000, 0x000000008a100000| Complete 
|   2|0x000000008a200000, 0x000000008a2ffbd8, 0x000000008a300000| 99%| O|  |TAMS 0x000000008a2ffbd8, 0x000000008a200000| Untracked 
|   3|0x000000008a300000, 0x000000008a3fffa0, 0x000000008a400000| 99%| O|  |TAMS 0x000000008a3fffa0, 0x000000008a300000| Untracked 
|   4|0x000000008a400000, 0x000000008a500000, 0x000000008a500000|100%| O|  |TAMS 0x000000008a500000, 0x000000008a400000| Untracked 
|   5|0x000000008a500000, 0x000000008a5fffc8, 0x000000008a600000| 99%| O|  |TAMS 0x000000008a5fffc8, 0x000000008a500000| Untracked 
|   6|0x000000008a600000, 0x000000008a6fffe0, 0x000000008a700000| 99%| O|  |TAMS 0x000000008a6fffe0, 0x000000008a600000| Untracked 
|   7|0x000000008a700000, 0x000000008a800000, 0x000000008a800000|100%| O|  |TAMS 0x000000008a800000, 0x000000008a700000| Untracked 
|   8|0x000000008a800000, 0x000000008a900000, 0x000000008a900000|100%| O|  |TAMS 0x000000008a900000, 0x000000008a800000| Untracked 
|   9|0x000000008a900000, 0x000000008a9ffff0, 0x000000008aa00000| 99%| O|  |TAMS 0x000000008a9ffff0, 0x000000008a900000| Untracked 
|  10|0x000000008aa00000, 0x000000008ab00000, 0x000000008ab00000|100%| O|  |TAMS 0x000000008ab00000, 0x000000008aa00000| Untracked 
|  11|0x000000008ab00000, 0x000000008ac00000, 0x000000008ac00000|100%| O|  |TAMS 0x000000008ac00000, 0x000000008ab00000| Untracked 
|  12|0x000000008ac00000, 0x000000008acfffd8, 0x000000008ad00000| 99%| O|  |TAMS 0x000000008acfffd8, 0x000000008ac00000| Untracked 
|  13|0x000000008ad00000, 0x000000008adffe70, 0x000000008ae00000| 99%| O|  |TAMS 0x000000008adffe70, 0x000000008ad00000| Untracked 
|  14|0x000000008ae00000, 0x000000008af00000, 0x000000008af00000|100%| O|  |TAMS 0x000000008af00000, 0x000000008ae00000| Untracked 
|  15|0x000000008af00000, 0x000000008afffff8, 0x000000008b000000| 99%| O|  |TAMS 0x000000008afffff8, 0x000000008af00000| Untracked 
|  16|0x000000008b000000, 0x000000008b100000, 0x000000008b100000|100%| O|  |TAMS 0x000000008b100000, 0x000000008b000000| Untracked 
|  17|0x000000008b100000, 0x000000008b1fffc0, 0x000000008b200000| 99%| O|  |TAMS 0x000000008b1fffc0, 0x000000008b100000| Untracked 
|  18|0x000000008b200000, 0x000000008b2ffef8, 0x000000008b300000| 99%| O|  |TAMS 0x000000008b2ffef8, 0x000000008b200000| Untracked 
|  19|0x000000008b300000, 0x000000008b400000, 0x000000008b400000|100%| O|  |TAMS 0x000000008b400000, 0x000000008b300000| Untracked 
|  20|0x000000008b400000, 0x000000008b4fffd8, 0x000000008b500000| 99%| O|  |TAMS 0x000000008b4fffd8, 0x000000008b400000| Untracked 
|  21|0x000000008b500000, 0x000000008b5ffff8, 0x000000008b600000| 99%| O|  |TAMS 0x000000008b5ffff8, 0x000000008b500000| Untracked 
|  22|0x000000008b600000, 0x000000008b700000, 0x000000008b700000|100%| O|  |TAMS 0x000000008b700000, 0x000000008b600000| Untracked 
|  23|0x000000008b700000, 0x000000008b7ffff0, 0x000000008b800000| 99%| O|  |TAMS 0x000000008b7ffff0, 0x000000008b700000| Untracked 
|  24|0x000000008b800000, 0x000000008b8fffe8, 0x000000008b900000| 99%| O|  |TAMS 0x000000008b8fffe8, 0x000000008b800000| Untracked 
|  25|0x000000008b900000, 0x000000008b9fffe8, 0x000000008ba00000| 99%| O|  |TAMS 0x000000008b9fffe8, 0x000000008b900000| Untracked 
|  26|0x000000008ba00000, 0x000000008baffff8, 0x000000008bb00000| 99%| O|  |TAMS 0x000000008baffff8, 0x000000008ba00000| Untracked 
|  27|0x000000008bb00000, 0x000000008bbffff8, 0x000000008bc00000| 99%| O|  |TAMS 0x000000008bbffff8, 0x000000008bb00000| Untracked 
|  28|0x000000008bc00000, 0x000000008bcfff98, 0x000000008bd00000| 99%| O|  |TAMS 0x000000008bcfff98, 0x000000008bc00000| Untracked 
|  29|0x000000008bd00000, 0x000000008be00000, 0x000000008be00000|100%| O|  |TAMS 0x000000008be00000, 0x000000008bd00000| Untracked 
|  30|0x000000008be00000, 0x000000008beffff0, 0x000000008bf00000| 99%| O|  |TAMS 0x000000008beffff0, 0x000000008be00000| Untracked 
|  31|0x000000008bf00000, 0x000000008bfffff0, 0x000000008c000000| 99%| O|  |TAMS 0x000000008bfffff0, 0x000000008bf00000| Untracked 
|  32|0x000000008c000000, 0x000000008c0ffff8, 0x000000008c100000| 99%| O|  |TAMS 0x000000008c0ffff8, 0x000000008c000000| Untracked 
|  33|0x000000008c100000, 0x000000008c200000, 0x000000008c200000|100%| O|  |TAMS 0x000000008c200000, 0x000000008c100000| Untracked 
|  34|0x000000008c200000, 0x000000008c2ff390, 0x000000008c300000| 99%| O|  |TAMS 0x000000008c2ff390, 0x000000008c200000| Untracked 
|  35|0x000000008c300000, 0x000000008c3ffff0, 0x000000008c400000| 99%| O|  |TAMS 0x000000008c3ffff0, 0x000000008c300000| Untracked 
|  36|0x000000008c400000, 0x000000008c500000, 0x000000008c500000|100%| O|  |TAMS 0x000000008c500000, 0x000000008c400000| Untracked 
|  37|0x000000008c500000, 0x000000008c5ffff8, 0x000000008c600000| 99%| O|  |TAMS 0x000000008c5ffff8, 0x000000008c500000| Untracked 
|  38|0x000000008c600000, 0x000000008c700000, 0x000000008c700000|100%| O|  |TAMS 0x000000008c700000, 0x000000008c600000| Untracked 
|  39|0x000000008c700000, 0x000000008c7ffff0, 0x000000008c800000| 99%| O|  |TAMS 0x000000008c7ffff0, 0x000000008c700000| Untracked 
|  40|0x000000008c800000, 0x000000008c8ffff0, 0x000000008c900000| 99%| O|  |TAMS 0x000000008c8ffff0, 0x000000008c800000| Untracked 
|  41|0x000000008c900000, 0x000000008ca00000, 0x000000008ca00000|100%| O|  |TAMS 0x000000008ca00000, 0x000000008c900000| Untracked 
|  42|0x000000008ca00000, 0x000000008cafffe8, 0x000000008cb00000| 99%| O|  |TAMS 0x000000008cafffe8, 0x000000008ca00000| Untracked 
|  43|0x000000008cb00000, 0x000000008cc00000, 0x000000008cc00000|100%| O|  |TAMS 0x000000008cc00000, 0x000000008cb00000| Untracked 
|  44|0x000000008cc00000, 0x000000008ccfff50, 0x000000008cd00000| 99%| O|  |TAMS 0x000000008ccfff50, 0x000000008cc00000| Untracked 
|  45|0x000000008cd00000, 0x000000008cdfffe8, 0x000000008ce00000| 99%| O|  |TAMS 0x000000008cdfffe8, 0x000000008cd00000| Untracked 
|  46|0x000000008ce00000, 0x000000008cefffe8, 0x000000008cf00000| 99%| O|  |TAMS 0x000000008cefffe8, 0x000000008ce00000| Untracked 
|  47|0x000000008cf00000, 0x000000008d000000, 0x000000008d000000|100%| O|  |TAMS 0x000000008d000000, 0x000000008cf00000| Untracked 
|  48|0x000000008d000000, 0x000000008d0fffe8, 0x000000008d100000| 99%| O|  |TAMS 0x000000008d0fffe8, 0x000000008d000000| Untracked 
|  49|0x000000008d100000, 0x000000008d200000, 0x000000008d200000|100%| O|  |TAMS 0x000000008d200000, 0x000000008d100000| Untracked 
|  50|0x000000008d200000, 0x000000008d2fffd8, 0x000000008d300000| 99%| O|  |TAMS 0x000000008d2fffd8, 0x000000008d200000| Untracked 
|  51|0x000000008d300000, 0x000000008d3ffff8, 0x000000008d400000| 99%| O|  |TAMS 0x000000008d3ffff8, 0x000000008d300000| Untracked 
|  52|0x000000008d400000, 0x000000008d4fdb80, 0x000000008d500000| 99%| O|  |TAMS 0x000000008d4fdb80, 0x000000008d400000| Untracked 
|  53|0x000000008d500000, 0x000000008d5ffff8, 0x000000008d600000| 99%| O|  |TAMS 0x000000008d5ffff8, 0x000000008d500000| Untracked 
|  54|0x000000008d600000, 0x000000008d6fffd0, 0x000000008d700000| 99%| O|  |TAMS 0x000000008d6fffd0, 0x000000008d600000| Untracked 
|  55|0x000000008d700000, 0x000000008d7fdbf0, 0x000000008d800000| 99%| O|  |TAMS 0x000000008d7fdbf0, 0x000000008d700000| Untracked 
|  56|0x000000008d800000, 0x000000008d8fffe8, 0x000000008d900000| 99%| O|  |TAMS 0x000000008d8fffe8, 0x000000008d800000| Untracked 
|  57|0x000000008d900000, 0x000000008d9b0df8, 0x000000008da00000| 69%| O|  |TAMS 0x000000008d9b0df8, 0x000000008d900000| Untracked 
|  58|0x000000008da00000, 0x000000008db00000, 0x000000008db00000|100%| O|  |TAMS 0x000000008db00000, 0x000000008da00000| Untracked 
|  59|0x000000008db00000, 0x000000008dbfffe0, 0x000000008dc00000| 99%| O|  |TAMS 0x000000008dbfffe0, 0x000000008db00000| Untracked 
|  60|0x000000008dc00000, 0x000000008dcffff8, 0x000000008dd00000| 99%| O|  |TAMS 0x000000008dcffff8, 0x000000008dc00000| Untracked 
|  61|0x000000008dd00000, 0x000000008ddfb758, 0x000000008de00000| 98%| O|  |TAMS 0x000000008ddfb758, 0x000000008dd00000| Untracked 
|  62|0x000000008de00000, 0x000000008deffff0, 0x000000008df00000| 99%| O|  |TAMS 0x000000008deffff0, 0x000000008de00000| Untracked 
|  63|0x000000008df00000, 0x000000008e000000, 0x000000008e000000|100%| O|  |TAMS 0x000000008e000000, 0x000000008df00000| Untracked 
|  64|0x000000008e000000, 0x000000008e0ffff0, 0x000000008e100000| 99%| O|  |TAMS 0x000000008e0ffff0, 0x000000008e000000| Untracked 
|  65|0x000000008e100000, 0x000000008e200000, 0x000000008e200000|100%| O|  |TAMS 0x000000008e200000, 0x000000008e100000| Untracked 
|  66|0x000000008e200000, 0x000000008e300000, 0x000000008e300000|100%| O|  |TAMS 0x000000008e300000, 0x000000008e200000| Untracked 
|  67|0x000000008e300000, 0x000000008e3fffb0, 0x000000008e400000| 99%| O|  |TAMS 0x000000008e3fffb0, 0x000000008e300000| Untracked 
|  68|0x000000008e400000, 0x000000008e4fffc8, 0x000000008e500000| 99%| O|  |TAMS 0x000000008e4fffc8, 0x000000008e400000| Untracked 
|  69|0x000000008e500000, 0x000000008e5fffb8, 0x000000008e600000| 99%| O|  |TAMS 0x000000008e5fffb8, 0x000000008e500000| Untracked 
|  70|0x000000008e600000, 0x000000008e668830, 0x000000008e700000| 40%| O|  |TAMS 0x000000008e668830, 0x000000008e600000| Untracked 
|  71|0x000000008e700000, 0x000000008e800000, 0x000000008e800000|100%| O|  |TAMS 0x000000008e800000, 0x000000008e700000| Untracked 
|  72|0x000000008e800000, 0x000000008e900000, 0x000000008e900000|100%| O|  |TAMS 0x000000008e900000, 0x000000008e800000| Untracked 
|  73|0x000000008e900000, 0x000000008ea00000, 0x000000008ea00000|100%| O|  |TAMS 0x000000008ea00000, 0x000000008e900000| Untracked 
|  74|0x000000008ea00000, 0x000000008ea22258, 0x000000008eb00000| 13%| O|  |TAMS 0x000000008ea22258, 0x000000008ea00000| Untracked 
|  75|0x000000008eb00000, 0x000000008eb956c0, 0x000000008ec00000| 58%| O|  |TAMS 0x000000008eb956c0, 0x000000008eb00000| Untracked 
|  76|0x000000008ec00000, 0x000000008ec59cc0, 0x000000008ed00000| 35%| O|  |TAMS 0x000000008ec59cc0, 0x000000008ec00000| Untracked 
|  77|0x000000008ed00000, 0x000000008ee00000, 0x000000008ee00000|100%| O|  |TAMS 0x000000008ee00000, 0x000000008ed00000| Untracked 
|  78|0x000000008ee00000, 0x000000008eeffe50, 0x000000008ef00000| 99%| O|  |TAMS 0x000000008eeffe50, 0x000000008ee00000| Untracked 
|  79|0x000000008ef00000, 0x000000008f000000, 0x000000008f000000|100%| O|  |TAMS 0x000000008f000000, 0x000000008ef00000| Untracked 
|  80|0x000000008f000000, 0x000000008f100000, 0x000000008f100000|100%| O|  |TAMS 0x000000008f100000, 0x000000008f000000| Untracked 
|  81|0x000000008f100000, 0x000000008f100000, 0x000000008f200000|  0%| F|  |TAMS 0x000000008f100000, 0x000000008f100000| Untracked 
|  82|0x000000008f200000, 0x000000008f300000, 0x000000008f300000|100%| O|  |TAMS 0x000000008f300000, 0x000000008f200000| Untracked 
|  83|0x000000008f300000, 0x000000008f400000, 0x000000008f400000|100%| O|  |TAMS 0x000000008f400000, 0x000000008f300000| Untracked 
|  84|0x000000008f400000, 0x000000008f500000, 0x000000008f500000|100%| O|  |TAMS 0x000000008f500000, 0x000000008f400000| Untracked 
|  85|0x000000008f500000, 0x000000008f54bab8, 0x000000008f600000| 29%| O|  |TAMS 0x000000008f54bab8, 0x000000008f500000| Complete 
|  86|0x000000008f600000, 0x000000008f700000, 0x000000008f700000|100%| O|  |TAMS 0x000000008f700000, 0x000000008f600000| Untracked 
|  87|0x000000008f700000, 0x000000008f800000, 0x000000008f800000|100%| O|  |TAMS 0x000000008f800000, 0x000000008f700000| Untracked 
|  88|0x000000008f800000, 0x000000008f900000, 0x000000008f900000|100%| O|  |TAMS 0x000000008f900000, 0x000000008f800000| Untracked 
|  89|0x000000008f900000, 0x000000008fa00000, 0x000000008fa00000|100%| O|  |TAMS 0x000000008fa00000, 0x000000008f900000| Untracked 
|  90|0x000000008fa00000, 0x000000008fb00000, 0x000000008fb00000|100%| O|  |TAMS 0x000000008fb00000, 0x000000008fa00000| Untracked 
|  91|0x000000008fb00000, 0x000000008fc00000, 0x000000008fc00000|100%| O|  |TAMS 0x000000008fc00000, 0x000000008fb00000| Untracked 
|  92|0x000000008fc00000, 0x000000008fd00000, 0x000000008fd00000|100%| O|  |TAMS 0x000000008fd00000, 0x000000008fc00000| Untracked 
|  93|0x000000008fd00000, 0x000000008fe00000, 0x000000008fe00000|100%| O|  |TAMS 0x000000008fe00000, 0x000000008fd00000| Untracked 
|  94|0x000000008fe00000, 0x000000008ff00000, 0x000000008ff00000|100%| O|  |TAMS 0x000000008ff00000, 0x000000008fe00000| Untracked 
|  95|0x000000008ff00000, 0x0000000090000000, 0x0000000090000000|100%| O|  |TAMS 0x0000000090000000, 0x000000008ff00000| Untracked 
|  96|0x0000000090000000, 0x0000000090100000, 0x0000000090100000|100%| O|  |TAMS 0x0000000090100000, 0x0000000090000000| Untracked 
|  97|0x0000000090100000, 0x0000000090200000, 0x0000000090200000|100%| O|  |TAMS 0x0000000090200000, 0x0000000090100000| Untracked 
|  98|0x0000000090200000, 0x0000000090300000, 0x0000000090300000|100%| O|  |TAMS 0x0000000090300000, 0x0000000090200000| Untracked 
|  99|0x0000000090300000, 0x0000000090379600, 0x0000000090400000| 47%| O|  |TAMS 0x0000000090379600, 0x0000000090300000| Untracked 
| 100|0x0000000090400000, 0x0000000090400000, 0x0000000090500000|  0%| F|  |TAMS 0x0000000090400000, 0x0000000090400000| Untracked 
| 101|0x0000000090500000, 0x0000000090500000, 0x0000000090600000|  0%| F|  |TAMS 0x0000000090500000, 0x0000000090500000| Untracked 
| 102|0x0000000090600000, 0x0000000090600000, 0x0000000090700000|  0%| F|  |TAMS 0x0000000090600000, 0x0000000090600000| Untracked 
| 103|0x0000000090700000, 0x0000000090700000, 0x0000000090800000|  0%| F|  |TAMS 0x0000000090700000, 0x0000000090700000| Untracked 
| 104|0x0000000090800000, 0x0000000090800000, 0x0000000090900000|  0%| F|  |TAMS 0x0000000090800000, 0x0000000090800000| Untracked 
| 105|0x0000000090900000, 0x0000000090900000, 0x0000000090a00000|  0%| F|  |TAMS 0x0000000090900000, 0x0000000090900000| Untracked 
| 106|0x0000000090a00000, 0x0000000090a00000, 0x0000000090b00000|  0%| F|  |TAMS 0x0000000090a00000, 0x0000000090a00000| Untracked 
| 107|0x0000000090b00000, 0x0000000090b00000, 0x0000000090c00000|  0%| F|  |TAMS 0x0000000090b00000, 0x0000000090b00000| Untracked 
| 108|0x0000000090c00000, 0x0000000090c00000, 0x0000000090d00000|  0%| F|  |TAMS 0x0000000090c00000, 0x0000000090c00000| Untracked 
| 109|0x0000000090d00000, 0x0000000090d00000, 0x0000000090e00000|  0%| F|  |TAMS 0x0000000090d00000, 0x0000000090d00000| Untracked 
| 110|0x0000000090e00000, 0x0000000090e00000, 0x0000000090f00000|  0%| F|  |TAMS 0x0000000090e00000, 0x0000000090e00000| Untracked 
| 111|0x0000000090f00000, 0x0000000090f00000, 0x0000000091000000|  0%| F|  |TAMS 0x0000000090f00000, 0x0000000090f00000| Untracked 
| 112|0x0000000091000000, 0x0000000091000000, 0x0000000091100000|  0%| F|  |TAMS 0x0000000091000000, 0x0000000091000000| Untracked 
| 113|0x0000000091100000, 0x0000000091100000, 0x0000000091200000|  0%| F|  |TAMS 0x0000000091100000, 0x0000000091100000| Untracked 
| 114|0x0000000091200000, 0x0000000091200000, 0x0000000091300000|  0%| F|  |TAMS 0x0000000091200000, 0x0000000091200000| Untracked 
| 115|0x0000000091300000, 0x0000000091300000, 0x0000000091400000|  0%| F|  |TAMS 0x0000000091300000, 0x0000000091300000| Untracked 
| 116|0x0000000091400000, 0x0000000091400000, 0x0000000091500000|  0%| F|  |TAMS 0x0000000091400000, 0x0000000091400000| Untracked 
| 117|0x0000000091500000, 0x0000000091500000, 0x0000000091600000|  0%| F|  |TAMS 0x0000000091500000, 0x0000000091500000| Untracked 
| 118|0x0000000091600000, 0x0000000091600000, 0x0000000091700000|  0%| F|  |TAMS 0x0000000091600000, 0x0000000091600000| Untracked 
| 119|0x0000000091700000, 0x0000000091700000, 0x0000000091800000|  0%| F|  |TAMS 0x0000000091700000, 0x0000000091700000| Untracked 
| 120|0x0000000091800000, 0x0000000091800000, 0x0000000091900000|  0%| F|  |TAMS 0x0000000091800000, 0x0000000091800000| Untracked 
| 121|0x0000000091900000, 0x0000000091900000, 0x0000000091a00000|  0%| F|  |TAMS 0x0000000091900000, 0x0000000091900000| Untracked 
| 122|0x0000000091a00000, 0x0000000091a00000, 0x0000000091b00000|  0%| F|  |TAMS 0x0000000091a00000, 0x0000000091a00000| Untracked 
| 123|0x0000000091b00000, 0x0000000091b00000, 0x0000000091c00000|  0%| F|  |TAMS 0x0000000091b00000, 0x0000000091b00000| Untracked 
| 124|0x0000000091c00000, 0x0000000091c00000, 0x0000000091d00000|  0%| F|  |TAMS 0x0000000091c00000, 0x0000000091c00000| Untracked 
| 125|0x0000000091d00000, 0x0000000091d00000, 0x0000000091e00000|  0%| F|  |TAMS 0x0000000091d00000, 0x0000000091d00000| Untracked 
| 126|0x0000000091e00000, 0x0000000091e00000, 0x0000000091f00000|  0%| F|  |TAMS 0x0000000091e00000, 0x0000000091e00000| Untracked 
| 127|0x0000000091f00000, 0x0000000091f00000, 0x0000000092000000|  0%| F|  |TAMS 0x0000000091f00000, 0x0000000091f00000| Untracked 
| 128|0x0000000092000000, 0x0000000092000000, 0x0000000092100000|  0%| F|  |TAMS 0x0000000092000000, 0x0000000092000000| Untracked 
| 129|0x0000000092100000, 0x0000000092100000, 0x0000000092200000|  0%| F|  |TAMS 0x0000000092100000, 0x0000000092100000| Untracked 
| 130|0x0000000092200000, 0x0000000092200000, 0x0000000092300000|  0%| F|  |TAMS 0x0000000092200000, 0x0000000092200000| Untracked 
| 131|0x0000000092300000, 0x0000000092300000, 0x0000000092400000|  0%| F|  |TAMS 0x0000000092300000, 0x0000000092300000| Untracked 
| 132|0x0000000092400000, 0x0000000092400000, 0x0000000092500000|  0%| F|  |TAMS 0x0000000092400000, 0x0000000092400000| Untracked 
| 133|0x0000000092500000, 0x0000000092500000, 0x0000000092600000|  0%| F|  |TAMS 0x0000000092500000, 0x0000000092500000| Untracked 
| 134|0x0000000092600000, 0x0000000092700000, 0x0000000092700000|100%| S|CS|TAMS 0x0000000092600000, 0x0000000092600000| Complete 
| 135|0x0000000092700000, 0x0000000092800000, 0x0000000092800000|100%| S|CS|TAMS 0x0000000092700000, 0x0000000092700000| Complete 
| 136|0x0000000092800000, 0x0000000092900000, 0x0000000092900000|100%| S|CS|TAMS 0x0000000092800000, 0x0000000092800000| Complete 
| 137|0x0000000092900000, 0x0000000092900000, 0x0000000092a00000|  0%| F|  |TAMS 0x0000000092900000, 0x0000000092900000| Untracked 
| 138|0x0000000092a00000, 0x0000000092a00000, 0x0000000092b00000|  0%| F|  |TAMS 0x0000000092a00000, 0x0000000092a00000| Untracked 
| 139|0x0000000092b00000, 0x0000000092b00000, 0x0000000092c00000|  0%| F|  |TAMS 0x0000000092b00000, 0x0000000092b00000| Untracked 
| 140|0x0000000092c00000, 0x0000000092c00000, 0x0000000092d00000|  0%| F|  |TAMS 0x0000000092c00000, 0x0000000092c00000| Untracked 
| 141|0x0000000092d00000, 0x0000000092d00000, 0x0000000092e00000|  0%| F|  |TAMS 0x0000000092d00000, 0x0000000092d00000| Untracked 
| 142|0x0000000092e00000, 0x0000000092e00000, 0x0000000092f00000|  0%| F|  |TAMS 0x0000000092e00000, 0x0000000092e00000| Untracked 
| 143|0x0000000092f00000, 0x0000000092f00000, 0x0000000093000000|  0%| F|  |TAMS 0x0000000092f00000, 0x0000000092f00000| Untracked 
| 144|0x0000000093000000, 0x0000000093000000, 0x0000000093100000|  0%| F|  |TAMS 0x0000000093000000, 0x0000000093000000| Untracked 
| 145|0x0000000093100000, 0x0000000093100000, 0x0000000093200000|  0%| F|  |TAMS 0x0000000093100000, 0x0000000093100000| Untracked 
| 146|0x0000000093200000, 0x0000000093200000, 0x0000000093300000|  0%| F|  |TAMS 0x0000000093200000, 0x0000000093200000| Untracked 
| 147|0x0000000093300000, 0x0000000093300000, 0x0000000093400000|  0%| F|  |TAMS 0x0000000093300000, 0x0000000093300000| Untracked 
| 148|0x0000000093400000, 0x0000000093400000, 0x0000000093500000|  0%| F|  |TAMS 0x0000000093400000, 0x0000000093400000| Untracked 
| 149|0x0000000093500000, 0x0000000093500000, 0x0000000093600000|  0%| F|  |TAMS 0x0000000093500000, 0x0000000093500000| Untracked 
| 150|0x0000000093600000, 0x0000000093600000, 0x0000000093700000|  0%| F|  |TAMS 0x0000000093600000, 0x0000000093600000| Untracked 
| 151|0x0000000093700000, 0x0000000093700000, 0x0000000093800000|  0%| F|  |TAMS 0x0000000093700000, 0x0000000093700000| Untracked 
| 152|0x0000000093800000, 0x0000000093800000, 0x0000000093900000|  0%| F|  |TAMS 0x0000000093800000, 0x0000000093800000| Untracked 
| 153|0x0000000093900000, 0x0000000093900000, 0x0000000093a00000|  0%| F|  |TAMS 0x0000000093900000, 0x0000000093900000| Untracked 
| 154|0x0000000093a00000, 0x0000000093a00000, 0x0000000093b00000|  0%| F|  |TAMS 0x0000000093a00000, 0x0000000093a00000| Untracked 
| 155|0x0000000093b00000, 0x0000000093b00000, 0x0000000093c00000|  0%| F|  |TAMS 0x0000000093b00000, 0x0000000093b00000| Untracked 
| 156|0x0000000093c00000, 0x0000000093c00000, 0x0000000093d00000|  0%| F|  |TAMS 0x0000000093c00000, 0x0000000093c00000| Untracked 
| 157|0x0000000093d00000, 0x0000000093d00000, 0x0000000093e00000|  0%| F|  |TAMS 0x0000000093d00000, 0x0000000093d00000| Untracked 
| 158|0x0000000093e00000, 0x0000000093e00000, 0x0000000093f00000|  0%| F|  |TAMS 0x0000000093e00000, 0x0000000093e00000| Untracked 
| 159|0x0000000093f00000, 0x0000000093f00000, 0x0000000094000000|  0%| F|  |TAMS 0x0000000093f00000, 0x0000000093f00000| Untracked 
| 160|0x0000000094000000, 0x0000000094000000, 0x0000000094100000|  0%| F|  |TAMS 0x0000000094000000, 0x0000000094000000| Untracked 
| 161|0x0000000094100000, 0x0000000094100000, 0x0000000094200000|  0%| F|  |TAMS 0x0000000094100000, 0x0000000094100000| Untracked 
| 162|0x0000000094200000, 0x0000000094200000, 0x0000000094300000|  0%| F|  |TAMS 0x0000000094200000, 0x0000000094200000| Untracked 
| 163|0x0000000094300000, 0x0000000094300000, 0x0000000094400000|  0%| F|  |TAMS 0x0000000094300000, 0x0000000094300000| Untracked 
| 164|0x0000000094400000, 0x0000000094400000, 0x0000000094500000|  0%| F|  |TAMS 0x0000000094400000, 0x0000000094400000| Untracked 
| 165|0x0000000094500000, 0x0000000094500000, 0x0000000094600000|  0%| F|  |TAMS 0x0000000094500000, 0x0000000094500000| Untracked 
| 166|0x0000000094600000, 0x0000000094600000, 0x0000000094700000|  0%| F|  |TAMS 0x0000000094600000, 0x0000000094600000| Untracked 
| 167|0x0000000094700000, 0x0000000094700000, 0x0000000094800000|  0%| F|  |TAMS 0x0000000094700000, 0x0000000094700000| Untracked 
| 168|0x0000000094800000, 0x0000000094800000, 0x0000000094900000|  0%| F|  |TAMS 0x0000000094800000, 0x0000000094800000| Untracked 
| 169|0x0000000094900000, 0x0000000094900000, 0x0000000094a00000|  0%| F|  |TAMS 0x0000000094900000, 0x0000000094900000| Untracked 
| 170|0x0000000094a00000, 0x0000000094a00000, 0x0000000094b00000|  0%| F|  |TAMS 0x0000000094a00000, 0x0000000094a00000| Untracked 
| 171|0x0000000094b00000, 0x0000000094b00000, 0x0000000094c00000|  0%| F|  |TAMS 0x0000000094b00000, 0x0000000094b00000| Untracked 
| 172|0x0000000094c00000, 0x0000000094c00000, 0x0000000094d00000|  0%| F|  |TAMS 0x0000000094c00000, 0x0000000094c00000| Untracked 
| 173|0x0000000094d00000, 0x0000000094d00000, 0x0000000094e00000|  0%| F|  |TAMS 0x0000000094d00000, 0x0000000094d00000| Untracked 
| 174|0x0000000094e00000, 0x0000000094e00000, 0x0000000094f00000|  0%| F|  |TAMS 0x0000000094e00000, 0x0000000094e00000| Untracked 
| 175|0x0000000094f00000, 0x0000000094f00000, 0x0000000095000000|  0%| F|  |TAMS 0x0000000094f00000, 0x0000000094f00000| Untracked 
| 176|0x0000000095000000, 0x0000000095000000, 0x0000000095100000|  0%| F|  |TAMS 0x0000000095000000, 0x0000000095000000| Untracked 
| 177|0x0000000095100000, 0x0000000095100000, 0x0000000095200000|  0%| F|  |TAMS 0x0000000095100000, 0x0000000095100000| Untracked 
| 178|0x0000000095200000, 0x0000000095200000, 0x0000000095300000|  0%| F|  |TAMS 0x0000000095200000, 0x0000000095200000| Untracked 
| 179|0x0000000095300000, 0x0000000095300000, 0x0000000095400000|  0%| F|  |TAMS 0x0000000095300000, 0x0000000095300000| Untracked 
| 180|0x0000000095400000, 0x0000000095400000, 0x0000000095500000|  0%| F|  |TAMS 0x0000000095400000, 0x0000000095400000| Untracked 
| 181|0x0000000095500000, 0x0000000095500000, 0x0000000095600000|  0%| F|  |TAMS 0x0000000095500000, 0x0000000095500000| Untracked 
| 182|0x0000000095600000, 0x0000000095600000, 0x0000000095700000|  0%| F|  |TAMS 0x0000000095600000, 0x0000000095600000| Untracked 
| 183|0x0000000095700000, 0x0000000095700000, 0x0000000095800000|  0%| F|  |TAMS 0x0000000095700000, 0x0000000095700000| Untracked 
| 184|0x0000000095800000, 0x0000000095800000, 0x0000000095900000|  0%| F|  |TAMS 0x0000000095800000, 0x0000000095800000| Untracked 
| 185|0x0000000095900000, 0x0000000095900000, 0x0000000095a00000|  0%| F|  |TAMS 0x0000000095900000, 0x0000000095900000| Untracked 
| 186|0x0000000095a00000, 0x0000000095a00000, 0x0000000095b00000|  0%| F|  |TAMS 0x0000000095a00000, 0x0000000095a00000| Untracked 
| 187|0x0000000095b00000, 0x0000000095b00000, 0x0000000095c00000|  0%| F|  |TAMS 0x0000000095b00000, 0x0000000095b00000| Untracked 
| 188|0x0000000095c00000, 0x0000000095c00000, 0x0000000095d00000|  0%| F|  |TAMS 0x0000000095c00000, 0x0000000095c00000| Untracked 
| 189|0x0000000095d00000, 0x0000000095d00000, 0x0000000095e00000|  0%| F|  |TAMS 0x0000000095d00000, 0x0000000095d00000| Untracked 
| 190|0x0000000095e00000, 0x0000000095e00000, 0x0000000095f00000|  0%| F|  |TAMS 0x0000000095e00000, 0x0000000095e00000| Untracked 
| 191|0x0000000095f00000, 0x0000000095f00000, 0x0000000096000000|  0%| F|  |TAMS 0x0000000095f00000, 0x0000000095f00000| Untracked 
| 192|0x0000000096000000, 0x0000000096000000, 0x0000000096100000|  0%| F|  |TAMS 0x0000000096000000, 0x0000000096000000| Untracked 
| 193|0x0000000096100000, 0x0000000096100000, 0x0000000096200000|  0%| F|  |TAMS 0x0000000096100000, 0x0000000096100000| Untracked 
| 194|0x0000000096200000, 0x0000000096200000, 0x0000000096300000|  0%| F|  |TAMS 0x0000000096200000, 0x0000000096200000| Untracked 
| 195|0x0000000096300000, 0x0000000096300000, 0x0000000096400000|  0%| F|  |TAMS 0x0000000096300000, 0x0000000096300000| Untracked 
| 196|0x0000000096400000, 0x0000000096480800, 0x0000000096500000| 50%| E|  |TAMS 0x0000000096400000, 0x0000000096400000| Complete 
| 197|0x0000000096500000, 0x0000000096600000, 0x0000000096600000|100%| E|CS|TAMS 0x0000000096500000, 0x0000000096500000| Complete 
| 198|0x0000000096600000, 0x0000000096700000, 0x0000000096700000|100%| E|CS|TAMS 0x0000000096600000, 0x0000000096600000| Complete 
| 199|0x0000000096700000, 0x0000000096800000, 0x0000000096800000|100%| E|CS|TAMS 0x0000000096700000, 0x0000000096700000| Complete 
| 200|0x0000000096800000, 0x0000000096900000, 0x0000000096900000|100%| E|CS|TAMS 0x0000000096800000, 0x0000000096800000| Complete 
| 201|0x0000000096900000, 0x0000000096a00000, 0x0000000096a00000|100%| E|CS|TAMS 0x0000000096900000, 0x0000000096900000| Complete 
| 202|0x0000000096a00000, 0x0000000096b00000, 0x0000000096b00000|100%| E|CS|TAMS 0x0000000096a00000, 0x0000000096a00000| Complete 
| 203|0x0000000096b00000, 0x0000000096c00000, 0x0000000096c00000|100%| E|CS|TAMS 0x0000000096b00000, 0x0000000096b00000| Complete 
| 204|0x0000000096c00000, 0x0000000096d00000, 0x0000000096d00000|100%| E|CS|TAMS 0x0000000096c00000, 0x0000000096c00000| Complete 
| 205|0x0000000096d00000, 0x0000000096e00000, 0x0000000096e00000|100%| E|CS|TAMS 0x0000000096d00000, 0x0000000096d00000| Complete 
| 206|0x0000000096e00000, 0x0000000096f00000, 0x0000000096f00000|100%| E|CS|TAMS 0x0000000096e00000, 0x0000000096e00000| Complete 
| 207|0x0000000096f00000, 0x0000000097000000, 0x0000000097000000|100%| E|CS|TAMS 0x0000000096f00000, 0x0000000096f00000| Complete 
| 208|0x0000000097000000, 0x0000000097100000, 0x0000000097100000|100%| E|CS|TAMS 0x0000000097000000, 0x0000000097000000| Complete 
| 209|0x0000000097100000, 0x0000000097200000, 0x0000000097200000|100%| E|CS|TAMS 0x0000000097100000, 0x0000000097100000| Complete 
| 210|0x0000000097200000, 0x0000000097300000, 0x0000000097300000|100%| E|CS|TAMS 0x0000000097200000, 0x0000000097200000| Complete 
| 211|0x0000000097300000, 0x0000000097400000, 0x0000000097400000|100%| E|CS|TAMS 0x0000000097300000, 0x0000000097300000| Complete 
| 212|0x0000000097400000, 0x0000000097500000, 0x0000000097500000|100%| E|CS|TAMS 0x0000000097400000, 0x0000000097400000| Complete 
| 213|0x0000000097500000, 0x0000000097600000, 0x0000000097600000|100%| E|CS|TAMS 0x0000000097500000, 0x0000000097500000| Complete 
| 214|0x0000000097600000, 0x0000000097700000, 0x0000000097700000|100%| E|CS|TAMS 0x0000000097600000, 0x0000000097600000| Complete 
| 215|0x0000000097700000, 0x0000000097800000, 0x0000000097800000|100%| E|CS|TAMS 0x0000000097700000, 0x0000000097700000| Complete 
| 216|0x0000000097800000, 0x0000000097900000, 0x0000000097900000|100%| E|CS|TAMS 0x0000000097800000, 0x0000000097800000| Complete 
| 217|0x0000000097900000, 0x0000000097a00000, 0x0000000097a00000|100%| E|CS|TAMS 0x0000000097900000, 0x0000000097900000| Complete 
| 218|0x0000000097a00000, 0x0000000097b00000, 0x0000000097b00000|100%| E|CS|TAMS 0x0000000097a00000, 0x0000000097a00000| Complete 
| 219|0x0000000097b00000, 0x0000000097c00000, 0x0000000097c00000|100%| E|CS|TAMS 0x0000000097b00000, 0x0000000097b00000| Complete 
| 220|0x0000000097c00000, 0x0000000097d00000, 0x0000000097d00000|100%| E|CS|TAMS 0x0000000097c00000, 0x0000000097c00000| Complete 
| 221|0x0000000097d00000, 0x0000000097e00000, 0x0000000097e00000|100%| E|CS|TAMS 0x0000000097d00000, 0x0000000097d00000| Complete 
| 222|0x0000000097e00000, 0x0000000097f00000, 0x0000000097f00000|100%| E|CS|TAMS 0x0000000097e00000, 0x0000000097e00000| Complete 
| 223|0x0000000097f00000, 0x0000000098000000, 0x0000000098000000|100%| E|CS|TAMS 0x0000000097f00000, 0x0000000097f00000| Complete 
| 224|0x0000000098000000, 0x0000000098100000, 0x0000000098100000|100%| E|CS|TAMS 0x0000000098000000, 0x0000000098000000| Complete 
| 225|0x0000000098100000, 0x0000000098200000, 0x0000000098200000|100%| E|CS|TAMS 0x0000000098100000, 0x0000000098100000| Complete 
| 226|0x0000000098200000, 0x0000000098300000, 0x0000000098300000|100%| E|CS|TAMS 0x0000000098200000, 0x0000000098200000| Complete 
| 227|0x0000000098300000, 0x0000000098400000, 0x0000000098400000|100%| E|CS|TAMS 0x0000000098300000, 0x0000000098300000| Complete 
| 228|0x0000000098400000, 0x0000000098500000, 0x0000000098500000|100%| E|CS|TAMS 0x0000000098400000, 0x0000000098400000| Complete 
| 229|0x0000000098500000, 0x0000000098600000, 0x0000000098600000|100%| E|CS|TAMS 0x0000000098500000, 0x0000000098500000| Complete 
| 230|0x0000000098600000, 0x0000000098700000, 0x0000000098700000|100%| E|CS|TAMS 0x0000000098600000, 0x0000000098600000| Complete 
| 231|0x0000000098700000, 0x0000000098800000, 0x0000000098800000|100%| E|CS|TAMS 0x0000000098700000, 0x0000000098700000| Complete 
| 232|0x0000000098800000, 0x0000000098900000, 0x0000000098900000|100%| E|CS|TAMS 0x0000000098800000, 0x0000000098800000| Complete 
| 233|0x0000000098900000, 0x0000000098a00000, 0x0000000098a00000|100%| E|CS|TAMS 0x0000000098900000, 0x0000000098900000| Complete 
| 234|0x0000000098a00000, 0x0000000098b00000, 0x0000000098b00000|100%| E|CS|TAMS 0x0000000098a00000, 0x0000000098a00000| Complete 
| 235|0x0000000098b00000, 0x0000000098c00000, 0x0000000098c00000|100%| E|CS|TAMS 0x0000000098b00000, 0x0000000098b00000| Complete 
| 236|0x0000000098c00000, 0x0000000098d00000, 0x0000000098d00000|100%| E|CS|TAMS 0x0000000098c00000, 0x0000000098c00000| Complete 
| 237|0x0000000098d00000, 0x0000000098e00000, 0x0000000098e00000|100%| E|CS|TAMS 0x0000000098d00000, 0x0000000098d00000| Complete 
| 238|0x0000000098e00000, 0x0000000098f00000, 0x0000000098f00000|100%| E|CS|TAMS 0x0000000098e00000, 0x0000000098e00000| Complete 
| 239|0x0000000098f00000, 0x0000000099000000, 0x0000000099000000|100%| E|CS|TAMS 0x0000000098f00000, 0x0000000098f00000| Complete 
| 240|0x0000000099000000, 0x0000000099100000, 0x0000000099100000|100%| E|CS|TAMS 0x0000000099000000, 0x0000000099000000| Complete 
| 241|0x0000000099100000, 0x0000000099200000, 0x0000000099200000|100%| E|CS|TAMS 0x0000000099100000, 0x0000000099100000| Complete 
| 242|0x0000000099200000, 0x0000000099300000, 0x0000000099300000|100%| E|CS|TAMS 0x0000000099200000, 0x0000000099200000| Complete 
| 243|0x0000000099300000, 0x0000000099400000, 0x0000000099400000|100%| E|CS|TAMS 0x0000000099300000, 0x0000000099300000| Complete 
| 244|0x0000000099400000, 0x0000000099500000, 0x0000000099500000|100%| E|CS|TAMS 0x0000000099400000, 0x0000000099400000| Complete 
| 245|0x0000000099500000, 0x0000000099600000, 0x0000000099600000|100%| E|CS|TAMS 0x0000000099500000, 0x0000000099500000| Complete 
| 246|0x0000000099600000, 0x0000000099700000, 0x0000000099700000|100%| E|CS|TAMS 0x0000000099600000, 0x0000000099600000| Complete 
| 247|0x0000000099700000, 0x0000000099800000, 0x0000000099800000|100%| E|CS|TAMS 0x0000000099700000, 0x0000000099700000| Complete 
| 248|0x0000000099800000, 0x0000000099900000, 0x0000000099900000|100%| E|CS|TAMS 0x0000000099800000, 0x0000000099800000| Complete 
| 249|0x0000000099900000, 0x0000000099a00000, 0x0000000099a00000|100%| E|CS|TAMS 0x0000000099900000, 0x0000000099900000| Complete 
| 250|0x0000000099a00000, 0x0000000099b00000, 0x0000000099b00000|100%| E|CS|TAMS 0x0000000099a00000, 0x0000000099a00000| Complete 
| 251|0x0000000099b00000, 0x0000000099c00000, 0x0000000099c00000|100%| E|CS|TAMS 0x0000000099b00000, 0x0000000099b00000| Complete 
| 252|0x0000000099c00000, 0x0000000099d00000, 0x0000000099d00000|100%| E|CS|TAMS 0x0000000099c00000, 0x0000000099c00000| Complete 
| 253|0x0000000099d00000, 0x0000000099e00000, 0x0000000099e00000|100%| E|CS|TAMS 0x0000000099d00000, 0x0000000099d00000| Complete 
| 254|0x0000000099e00000, 0x0000000099f00000, 0x0000000099f00000|100%| E|CS|TAMS 0x0000000099e00000, 0x0000000099e00000| Complete 
| 255|0x0000000099f00000, 0x000000009a000000, 0x000000009a000000|100%| E|CS|TAMS 0x0000000099f00000, 0x0000000099f00000| Complete 
| 256|0x000000009a000000, 0x000000009a100000, 0x000000009a100000|100%| E|CS|TAMS 0x000000009a000000, 0x000000009a000000| Complete 

Card table byte_map: [0x000001c3dfa50000,0x000001c3dfe00000] _byte_map_base: 0x000001c3df600000

Marking Bits (Prev, Next): (CMBitMap*) 0x000001c3c88d01c0, (CMBitMap*) 0x000001c3c88d0200
 Prev Bits: [0x000001c3e01b0000, 0x000001c3e1f30000)
 Next Bits: [0x000001c3e1f30000, 0x000001c3e3cb0000)

Polling page: 0x000001c3c8030000

Metaspace:

Usage:
  Non-class:     88.21 MB used.
      Class:     13.34 MB used.
       Both:    101.55 MB used.

Virtual space:
  Non-class space:      128.00 MB reserved,      88.50 MB ( 69%) committed,  2 nodes.
      Class space:        1.00 GB reserved,      13.62 MB (  1%) committed,  1 nodes.
             Both:        1.12 GB reserved,     102.12 MB (  9%) committed. 

Chunk freelists:
   Non-Class:  7.33 MB
       Class:  2.32 MB
        Both:  9.64 MB

MaxMetaspaceSize: unlimited
CompressedClassSpaceSize: 1.00 GB
Initial GC threshold: 21.00 MB
Current GC threshold: 170.00 MB
CDS: on
MetaspaceReclaimPolicy: balanced
 - commit_granule_bytes: 65536.
 - commit_granule_words: 8192.
 - virtual_space_node_default_size: 8388608.
 - enlarge_chunks_in_place: 1.
 - new_chunks_are_fully_committed: 0.
 - uncommit_free_chunks: 1.
 - use_allocation_guard: 0.
 - handle_deallocations: 1.


Internal statistics:

num_allocs_failed_limit: 11.
num_arena_births: 1252.
num_arena_deaths: 340.
num_vsnodes_births: 3.
num_vsnodes_deaths: 0.
num_space_committed: 1634.
num_space_uncommitted: 0.
num_chunks_returned_to_freelist: 426.
num_chunks_taken_from_freelist: 5540.
num_chunk_merges: 126.
num_chunk_splits: 3621.
num_chunks_enlarged: 2618.
num_inconsistent_stats: 0.

CodeHeap 'non-profiled nmethods': size=120000Kb used=11435Kb max_used=11993Kb free=108564Kb
 bounds [0x000001c3d7c20000, 0x000001c3d87e0000, 0x000001c3df150000]
CodeHeap 'profiled nmethods': size=120000Kb used=22877Kb max_used=24072Kb free=97122Kb
 bounds [0x000001c3d0150000, 0x000001c3d18e0000, 0x000001c3d7680000]
CodeHeap 'non-nmethods': size=5760Kb used=1413Kb max_used=1488Kb free=4346Kb
 bounds [0x000001c3d7680000, 0x000001c3d78f0000, 0x000001c3d7c20000]
 total_blobs=13735 nmethods=12979 adapters=665
 compilation: enabled
              stopped_count=0, restarted_count=0
 full_count=0

Compilation events (20 events):
Event: 2988.399 Thread 0x000001c3e6935410 17304       3       org.springframework.beans.factory.config.DependencyDescriptor::setContainingClass (30 bytes)
Event: 2988.399 Thread 0x000001c3e6935410 nmethod 17304 0x000001c3d0704890 code [0x000001c3d0704a60, 0x000001c3d0704f68]
Event: 2988.400 Thread 0x000001c3e6935410 17305       1       org.springframework.data.repository.config.PropertiesBasedNamedQueriesFactoryBean::isSingleton (5 bytes)
Event: 2988.400 Thread 0x000001c3e6935410 nmethod 17305 0x000001c3d8271110 code [0x000001c3d82712a0, 0x000001c3d8271378]
Event: 2988.405 Thread 0x000001c3e6935410 17306       3       jdk.proxy2.$Proxy181::<init> (6 bytes)
Event: 2988.405 Thread 0x000001c3e6935410 nmethod 17306 0x000001c3d0863510 code [0x000001c3d08636e0, 0x000001c3d0863a68]
Event: 2988.405 Thread 0x000001c3e6935410 17307   !   3       jdk.proxy2.$Proxy181::annotationType (29 bytes)
Event: 2988.405 Thread 0x000001c3e6935410 nmethod 17307 0x000001c3d0b80490 code [0x000001c3d0b80660, 0x000001c3d0b80a58]
Event: 2988.406 Thread 0x000001c3e6935410 17308       1       org.springframework.data.repository.query.SpelQueryContext$SpelExtractor::getQueryString (5 bytes)
Event: 2988.406 Thread 0x000001c3e6935410 nmethod 17308 0x000001c3d8270e10 code [0x000001c3d8270fa0, 0x000001c3d8271078]
Event: 2988.406 Thread 0x000001c3e6935410 17309       3       org.springframework.data.repository.query.Parameter$$Lambda$1476/0x000001c381a22530::<init> (10 bytes)
Event: 2988.407 Thread 0x000001c3e6935410 nmethod 17309 0x000001c3d05f4f90 code [0x000001c3d05f5120, 0x000001c3d05f52d8]
Event: 2988.407 Thread 0x000001c3e6935410 17310       3       org.springframework.data.repository.query.Parameter::isScrollPosition (10 bytes)
Event: 2988.407 Thread 0x000001c3e6935410 nmethod 17310 0x000001c3d0bad690 code [0x000001c3d0bad840, 0x000001c3d0bada28]
Event: 2988.407 Thread 0x000001c3e6935410 17311       3       org.springframework.data.repository.query.Parameter::isPageable (10 bytes)
Event: 2988.407 Thread 0x000001c3e6935410 nmethod 17311 0x000001c3d0da6c10 code [0x000001c3d0da6dc0, 0x000001c3d0da6fa8]
Event: 2988.407 Thread 0x000001c3e6935410 17312       3       org.hibernate.internal.SessionImpl::getDelegate (6 bytes)
Event: 2988.407 Thread 0x000001c3e6935410 nmethod 17312 0x000001c3d06de590 code [0x000001c3d06de740, 0x000001c3d06dea08]
Event: 2988.410 Thread 0x000001c3e6935410 17314       1       org.springframework.data.repository.core.support.RepositoryFactoryBeanSupport::isSingleton (2 bytes)
Event: 2988.410 Thread 0x000001c3e6935410 nmethod 17314 0x000001c3d8270b10 code [0x000001c3d8270ca0, 0x000001c3d8270d78]

GC Heap History (20 events):
Event: 2509.891 GC heap before
{Heap before GC invocations=66 (full 0):
 garbage-first heap   total 273408K, used 241223K [0x000000008a000000, 0x0000000100000000)
  region size 1024K, 145 young (148480K), 2 survivors (2048K)
 Metaspace       used 100082K, committed 101056K, reserved 1179648K
  class space    used 13387K, committed 13824K, reserved 1048576K
}
Event: 2510.103 GC heap after
{Heap after GC invocations=67 (full 0):
 garbage-first heap   total 273408K, used 94798K [0x000000008a000000, 0x0000000100000000)
  region size 1024K, 2 young (2048K), 2 survivors (2048K)
 Metaspace       used 100082K, committed 101056K, reserved 1179648K
  class space    used 13387K, committed 13824K, reserved 1048576K
}
Event: 2542.530 GC heap before
{Heap before GC invocations=67 (full 0):
 garbage-first heap   total 273408K, used 106062K [0x000000008a000000, 0x0000000100000000)
  region size 1024K, 13 young (13312K), 2 survivors (2048K)
 Metaspace       used 100103K, committed 101056K, reserved 1179648K
  class space    used 13387K, committed 13824K, reserved 1048576K
}
Event: 2542.639 GC heap after
{Heap after GC invocations=68 (full 0):
 garbage-first heap   total 273408K, used 92005K [0x000000008a000000, 0x0000000100000000)
  region size 1024K, 2 young (2048K), 2 survivors (2048K)
 Metaspace       used 100103K, committed 101056K, reserved 1179648K
  class space    used 13387K, committed 13824K, reserved 1048576K
}
Event: 2936.367 GC heap before
{Heap before GC invocations=68 (full 0):
 garbage-first heap   total 273408K, used 233317K [0x000000008a000000, 0x0000000100000000)
  region size 1024K, 141 young (144384K), 2 survivors (2048K)
 Metaspace       used 100404K, committed 101184K, reserved 1179648K
  class space    used 13419K, committed 13824K, reserved 1048576K
}
Event: 2937.042 GC heap after
{Heap after GC invocations=69 (full 1):
 garbage-first heap   total 263168K, used 73456K [0x000000008a000000, 0x0000000100000000)
  region size 1024K, 0 young (0K), 0 survivors (0K)
 Metaspace       used 100350K, committed 101184K, reserved 1179648K
  class space    used 13409K, committed 13824K, reserved 1048576K
}
Event: 2981.268 GC heap before
{Heap before GC invocations=69 (full 1):
 garbage-first heap   total 263168K, used 228080K [0x000000008a000000, 0x0000000100000000)
  region size 1024K, 151 young (154624K), 0 survivors (0K)
 Metaspace       used 101852K, committed 102464K, reserved 1179648K
  class space    used 13543K, committed 13824K, reserved 1048576K
}
Event: 2981.317 GC heap after
{Heap after GC invocations=70 (full 1):
 garbage-first heap   total 263168K, used 85144K [0x000000008a000000, 0x0000000100000000)
  region size 1024K, 12 young (12288K), 12 survivors (12288K)
 Metaspace       used 101852K, committed 102464K, reserved 1179648K
  class space    used 13543K, committed 13824K, reserved 1048576K
}
Event: 2984.649 GC heap before
{Heap before GC invocations=71 (full 1):
 garbage-first heap   total 263168K, used 219288K [0x000000008a000000, 0x0000000100000000)
  region size 1024K, 142 young (145408K), 12 survivors (12288K)
 Metaspace       used 102471K, committed 103104K, reserved 1179648K
  class space    used 13580K, committed 13888K, reserved 1048576K
}
Event: 2984.690 GC heap after
{Heap after GC invocations=72 (full 1):
 garbage-first heap   total 263168K, used 90843K [0x000000008a000000, 0x0000000100000000)
  region size 1024K, 6 young (6144K), 6 survivors (6144K)
 Metaspace       used 102471K, committed 103104K, reserved 1179648K
  class space    used 13580K, committed 13888K, reserved 1048576K
}
Event: 2984.739 GC heap before
{Heap before GC invocations=72 (full 1):
 garbage-first heap   total 263168K, used 96987K [0x000000008a000000, 0x0000000100000000)
  region size 1024K, 12 young (12288K), 6 survivors (6144K)
 Metaspace       used 102523K, committed 103168K, reserved 1179648K
  class space    used 13586K, committed 13888K, reserved 1048576K
}
Event: 2984.753 GC heap after
{Heap after GC invocations=73 (full 1):
 garbage-first heap   total 263168K, used 91127K [0x000000008a000000, 0x0000000100000000)
  region size 1024K, 1 young (1024K), 1 survivors (1024K)
 Metaspace       used 102523K, committed 103168K, reserved 1179648K
  class space    used 13586K, committed 13888K, reserved 1048576K
}
Event: 2985.950 GC heap before
{Heap before GC invocations=73 (full 1):
 garbage-first heap   total 263168K, used 219127K [0x000000008a000000, 0x0000000100000000)
  region size 1024K, 126 young (129024K), 1 survivors (1024K)
 Metaspace       used 102972K, committed 103552K, reserved 1179648K
  class space    used 13604K, committed 13888K, reserved 1048576K
}
Event: 2985.957 GC heap after
{Heap after GC invocations=74 (full 1):
 garbage-first heap   total 263168K, used 94460K [0x000000008a000000, 0x0000000100000000)
  region size 1024K, 5 young (5120K), 5 survivors (5120K)
 Metaspace       used 102972K, committed 103552K, reserved 1179648K
  class space    used 13604K, committed 13888K, reserved 1048576K
}
Event: 2986.578 GC heap before
{Heap before GC invocations=75 (full 1):
 garbage-first heap   total 263168K, used 218364K [0x000000008a000000, 0x0000000100000000)
  region size 1024K, 126 young (129024K), 5 survivors (5120K)
 Metaspace       used 103321K, committed 103936K, reserved 1179648K
  class space    used 13621K, committed 13952K, reserved 1048576K
}
Event: 2986.584 GC heap after
{Heap after GC invocations=76 (full 1):
 garbage-first heap   total 263168K, used 97390K [0x000000008a000000, 0x0000000100000000)
  region size 1024K, 8 young (8192K), 8 survivors (8192K)
 Metaspace       used 103321K, committed 103936K, reserved 1179648K
  class space    used 13621K, committed 13952K, reserved 1048576K
}
Event: 2986.589 GC heap before
{Heap before GC invocations=76 (full 1):
 garbage-first heap   total 263168K, used 101486K [0x000000008a000000, 0x0000000100000000)
  region size 1024K, 12 young (12288K), 8 survivors (8192K)
 Metaspace       used 103321K, committed 103936K, reserved 1179648K
  class space    used 13621K, committed 13952K, reserved 1048576K
}
Event: 2986.596 GC heap after
{Heap after GC invocations=77 (full 1):
 garbage-first heap   total 263168K, used 98317K [0x000000008a000000, 0x0000000100000000)
  region size 1024K, 2 young (2048K), 2 survivors (2048K)
 Metaspace       used 103321K, committed 103936K, reserved 1179648K
  class space    used 13621K, committed 13952K, reserved 1048576K
}
Event: 2987.184 GC heap before
{Heap before GC invocations=77 (full 1):
 garbage-first heap   total 263168K, used 219149K [0x000000008a000000, 0x0000000100000000)
  region size 1024K, 120 young (122880K), 2 survivors (2048K)
 Metaspace       used 103768K, committed 104384K, reserved 1179648K
  class space    used 13651K, committed 13952K, reserved 1048576K
}
Event: 2987.188 GC heap after
{Heap after GC invocations=78 (full 1):
 garbage-first heap   total 263168K, used 100244K [0x000000008a000000, 0x0000000100000000)
  region size 1024K, 3 young (3072K), 3 survivors (3072K)
 Metaspace       used 103768K, committed 104384K, reserved 1179648K
  class space    used 13651K, committed 13952K, reserved 1048576K
}

Deoptimization events (20 events):
Event: 2986.712 Thread 0x000001c3f0d7c2e0 DEOPT PACKING pc=0x000001c3d81a8814 sp=0x0000003e0b1fc540
Event: 2986.712 Thread 0x000001c3f0d7c2e0 DEOPT UNPACKING pc=0x000001c3d76d23a3 sp=0x0000003e0b1fc300 mode 2
Event: 2986.958 Thread 0x000001c3f0d7c2e0 DEOPT PACKING pc=0x000001c3d0197a16 sp=0x0000003e0b1fd6b0
Event: 2986.958 Thread 0x000001c3f0d7c2e0 DEOPT UNPACKING pc=0x000001c3d76d2b43 sp=0x0000003e0b1fcbe0 mode 0
Event: 2986.985 Thread 0x000001c3f0d7c2e0 Uncommon trap: trap_request=0xffffff45 fr.pc=0x000001c3d7e21088 relative=0x0000000000000088
Event: 2986.985 Thread 0x000001c3f0d7c2e0 Uncommon trap: reason=unstable_if action=reinterpret pc=0x000001c3d7e21088 method=java.util.regex.Pattern$LastNode.match(Ljava/util/regex/Matcher;ILjava/lang/CharSequence;)Z @ 13 c2
Event: 2986.985 Thread 0x000001c3f0d7c2e0 DEOPT PACKING pc=0x000001c3d7e21088 sp=0x0000003e0b1fb830
Event: 2986.985 Thread 0x000001c3f0d7c2e0 DEOPT UNPACKING pc=0x000001c3d76d23a3 sp=0x0000003e0b1fb7a8 mode 2
Event: 2987.183 Thread 0x000001c3f0d7c2e0 Uncommon trap: trap_request=0xffffffbe fr.pc=0x000001c3d80e5c18 relative=0x0000000000002718
Event: 2987.183 Thread 0x000001c3f0d7c2e0 Uncommon trap: reason=profile_predicate action=maybe_recompile pc=0x000001c3d80e5c18 method=org.springframework.aop.support.AopUtils.canApply(Lorg/springframework/aop/Pointcut;Ljava/lang/Class;Z)Z @ 153 c2
Event: 2987.183 Thread 0x000001c3f0d7c2e0 DEOPT PACKING pc=0x000001c3d80e5c18 sp=0x0000003e0b1fad10
Event: 2987.183 Thread 0x000001c3f0d7c2e0 DEOPT UNPACKING pc=0x000001c3d76d23a3 sp=0x0000003e0b1facc0 mode 2
Event: 2987.188 Thread 0x000001c3f0d7c2e0 Uncommon trap: trap_request=0xffffffbe fr.pc=0x000001c3d80e5c18 relative=0x0000000000002718
Event: 2987.188 Thread 0x000001c3f0d7c2e0 Uncommon trap: reason=profile_predicate action=maybe_recompile pc=0x000001c3d80e5c18 method=org.springframework.aop.support.AopUtils.canApply(Lorg/springframework/aop/Pointcut;Ljava/lang/Class;Z)Z @ 153 c2
Event: 2987.188 Thread 0x000001c3f0d7c2e0 DEOPT PACKING pc=0x000001c3d80e5c18 sp=0x0000003e0b1fad10
Event: 2987.188 Thread 0x000001c3f0d7c2e0 DEOPT UNPACKING pc=0x000001c3d76d23a3 sp=0x0000003e0b1facc0 mode 2
Event: 2987.376 Thread 0x000001c3f0d7c2e0 Uncommon trap: trap_request=0xffffff45 fr.pc=0x000001c3d7e159c0 relative=0x0000000000000220
Event: 2987.376 Thread 0x000001c3f0d7c2e0 Uncommon trap: reason=unstable_if action=reinterpret pc=0x000001c3d7e159c0 method=org.springframework.asm.Frame.push(I)V @ 26 c2
Event: 2987.376 Thread 0x000001c3f0d7c2e0 DEOPT PACKING pc=0x000001c3d7e159c0 sp=0x0000003e0b1fbf50
Event: 2987.376 Thread 0x000001c3f0d7c2e0 DEOPT UNPACKING pc=0x000001c3d76d23a3 sp=0x0000003e0b1fbef8 mode 2

Classes unloaded (20 events):
Event: 2098.283 Thread 0x000001c3e6913010 Unloading class 0x000001c381008800 'java/lang/invoke/LambdaForm$MH+0x000001c381008800'
Event: 2936.697 Thread 0x000001c3e6913010 Unloading class 0x000001c381bb1c00 'jdk/internal/reflect/GeneratedConstructorAccessor81'
Event: 2936.697 Thread 0x000001c3e6913010 Unloading class 0x000001c381bb1800 'jdk/internal/reflect/GeneratedMethodAccessor46'
Event: 2936.697 Thread 0x000001c3e6913010 Unloading class 0x000001c381bb1400 'jdk/internal/reflect/GeneratedMethodAccessor45'
Event: 2936.698 Thread 0x000001c3e6913010 Unloading class 0x000001c381bb1000 'jdk/internal/reflect/GeneratedMethodAccessor44'
Event: 2936.698 Thread 0x000001c3e6913010 Unloading class 0x000001c381bb0800 'jdk/internal/reflect/GeneratedMethodAccessor42'
Event: 2936.698 Thread 0x000001c3e6913010 Unloading class 0x000001c381bb0400 'jdk/internal/reflect/GeneratedMethodAccessor41'
Event: 2936.698 Thread 0x000001c3e6913010 Unloading class 0x000001c381bb0000 'jdk/internal/reflect/GeneratedMethodAccessor40'
Event: 2936.698 Thread 0x000001c3e6913010 Unloading class 0x000001c381ba9c00 'jdk/internal/reflect/GeneratedMethodAccessor39'
Event: 2936.698 Thread 0x000001c3e6913010 Unloading class 0x000001c381ba9800 'jdk/internal/reflect/GeneratedMethodAccessor38'
Event: 2936.698 Thread 0x000001c3e6913010 Unloading class 0x000001c381ba9400 'jdk/internal/reflect/GeneratedMethodAccessor37'
Event: 2936.699 Thread 0x000001c3e6913010 Unloading class 0x000001c381ba9000 'jdk/internal/reflect/GeneratedMethodAccessor36'
Event: 2936.699 Thread 0x000001c3e6913010 Unloading class 0x000001c3815dc000 'jdk/internal/reflect/GeneratedConstructorAccessor49'
Event: 2936.699 Thread 0x000001c3e6913010 Unloading class 0x000001c381165c00 'java/lang/invoke/LambdaForm$MH+0x000001c381165c00'
Event: 2936.699 Thread 0x000001c3e6913010 Unloading class 0x000001c381165800 'java/lang/invoke/LambdaForm$MH+0x000001c381165800'
Event: 2936.699 Thread 0x000001c3e6913010 Unloading class 0x000001c381165400 'java/lang/invoke/LambdaForm$MH+0x000001c381165400'
Event: 2936.699 Thread 0x000001c3e6913010 Unloading class 0x000001c381165000 'java/lang/invoke/LambdaForm$MH+0x000001c381165000'
Event: 2936.699 Thread 0x000001c3e6913010 Unloading class 0x000001c381164c00 'java/lang/invoke/LambdaForm$MH+0x000001c381164c00'
Event: 2936.699 Thread 0x000001c3e6913010 Unloading class 0x000001c381164800 'java/lang/invoke/LambdaForm$MH+0x000001c381164800'
Event: 2987.254 Thread 0x000001c3e6913010 Unloading class 0x000001c381d9d400 'jdk/internal/reflect/GeneratedSerializationConstructorAccessor22'

Classes redefined (0 events):
No events

Internal exceptions (20 events):
Event: 2985.612 Thread 0x000001c3f0d7c2e0 Exception <a 'java/lang/reflect/InvocationTargetException'{0x0000000095c7ebb0}> (0x0000000095c7ebb0) 
thrown [s\open\src\hotspot\share\runtime\reflection.cpp, line 1121]
Event: 2985.617 Thread 0x000001c3f0d7c2e0 Exception <a 'java/lang/reflect/InvocationTargetException'{0x0000000095ca7df8}> (0x0000000095ca7df8) 
thrown [s\open\src\hotspot\share\runtime\reflection.cpp, line 1121]
Event: 2985.937 Thread 0x000001c3f0d7c2e0 Exception <a 'java/io/IOException'{0x00000000926fdf58}> (0x00000000926fdf58) 
thrown [s\open\src\hotspot\share\prims\jni.cpp, line 516]
Event: 2985.937 Thread 0x000001c3f0d7c2e0 Exception <a 'java/io/IOException'{0x00000000926fefb0}> (0x00000000926fefb0) 
thrown [s\open\src\hotspot\share\prims\jni.cpp, line 516]
Event: 2986.146 Thread 0x000001c3f0d7c2e0 Exception <a 'java/lang/reflect/InvocationTargetException'{0x0000000097dde4d8}> (0x0000000097dde4d8) 
thrown [s\open\src\hotspot\share\runtime\reflection.cpp, line 1121]
Event: 2986.148 Thread 0x000001c3f0d7c2e0 Exception <a 'java/lang/reflect/InvocationTargetException'{0x0000000097dee2c8}> (0x0000000097dee2c8) 
thrown [s\open\src\hotspot\share\runtime\reflection.cpp, line 1121]
Event: 2986.152 Thread 0x000001c3f0d7c2e0 Exception <a 'java/lang/reflect/InvocationTargetException'{0x0000000097dfcd08}> (0x0000000097dfcd08) 
thrown [s\open\src\hotspot\share\runtime\reflection.cpp, line 1121]
Event: 2986.154 Thread 0x000001c3f0d7c2e0 Exception <a 'java/lang/reflect/InvocationTargetException'{0x0000000097c0b080}> (0x0000000097c0b080) 
thrown [s\open\src\hotspot\share\runtime\reflection.cpp, line 1121]
Event: 2986.220 Thread 0x000001c3f0d7c2e0 Exception <a 'java/lang/reflect/InvocationTargetException'{0x00000000969a92f8}> (0x00000000969a92f8) 
thrown [s\open\src\hotspot\share\runtime\reflection.cpp, line 1121]
Event: 2986.251 Thread 0x000001c3f0d7c2e0 Exception <a 'java/lang/reflect/InvocationTargetException'{0x00000000969e7fc0}> (0x00000000969e7fc0) 
thrown [s\open\src\hotspot\share\runtime\reflection.cpp, line 1121]
Event: 2986.255 Thread 0x000001c3f0d7c2e0 Exception <a 'java/lang/reflect/InvocationTargetException'{0x0000000096801698}> (0x0000000096801698) 
thrown [s\open\src\hotspot\share\runtime\reflection.cpp, line 1121]
Event: 2986.258 Thread 0x000001c3f0d7c2e0 Exception <a 'java/lang/reflect/InvocationTargetException'{0x000000009681b7e0}> (0x000000009681b7e0) 
thrown [s\open\src\hotspot\share\runtime\reflection.cpp, line 1121]
Event: 2986.261 Thread 0x000001c3f0d7c2e0 Exception <a 'java/lang/reflect/InvocationTargetException'{0x0000000096839860}> (0x0000000096839860) 
thrown [s\open\src\hotspot\share\runtime\reflection.cpp, line 1121]
Event: 2986.331 Thread 0x000001c3f0d7c2e0 Exception <a 'java/lang/reflect/InvocationTargetException'{0x0000000095800a30}> (0x0000000095800a30) 
thrown [s\open\src\hotspot\share\runtime\reflection.cpp, line 1121]
Event: 2986.491 Thread 0x000001c3f0d7c2e0 Exception <a 'java/io/FileNotFoundException'{0x0000000093ae4488}> (0x0000000093ae4488) 
thrown [s\open\src\hotspot\share\prims\jni.cpp, line 516]
Event: 2986.492 Thread 0x000001c3f0d7c2e0 Exception <a 'java/io/IOException'{0x0000000093aecb28}> (0x0000000093aecb28) 
thrown [s\open\src\hotspot\share\prims\jni.cpp, line 516]
Event: 2986.492 Thread 0x000001c3f0d7c2e0 Exception <a 'java/io/IOException'{0x0000000093aed388}> (0x0000000093aed388) 
thrown [s\open\src\hotspot\share\prims\jni.cpp, line 516]
Event: 2986.492 Thread 0x000001c3f0d7c2e0 Exception <a 'java/io/IOException'{0x0000000093af19e0}> (0x0000000093af19e0) 
thrown [s\open\src\hotspot\share\prims\jni.cpp, line 516]
Event: 2986.492 Thread 0x000001c3f0d7c2e0 Exception <a 'java/io/IOException'{0x0000000093af2240}> (0x0000000093af2240) 
thrown [s\open\src\hotspot\share\prims\jni.cpp, line 516]
Event: 2986.559 Thread 0x000001c3f0d7c2e0 Exception <a 'java/lang/reflect/InvocationTargetException'{0x0000000092a72750}> (0x0000000092a72750) 
thrown [s\open\src\hotspot\share\runtime\reflection.cpp, line 1121]

VM Operations (20 events):
Event: 2986.030 Executing VM operation: G1Concurrent
Event: 2986.037 Executing VM operation: G1Concurrent done
Event: 2986.067 Executing VM operation: G1Concurrent
Event: 2986.067 Executing VM operation: G1Concurrent done
Event: 2986.578 Executing VM operation: G1CollectForAllocation
Event: 2986.584 Executing VM operation: G1CollectForAllocation done
Event: 2986.589 Executing VM operation: G1CollectForAllocation
Event: 2986.597 Executing VM operation: G1CollectForAllocation done
Event: 2986.613 Executing VM operation: HandshakeAllThreads
Event: 2986.613 Executing VM operation: HandshakeAllThreads done
Event: 2986.908 Executing VM operation: HandshakeAllThreads
Event: 2986.908 Executing VM operation: HandshakeAllThreads done
Event: 2987.184 Executing VM operation: G1CollectForAllocation
Event: 2987.188 Executing VM operation: G1CollectForAllocation done
Event: 2987.253 Executing VM operation: G1Concurrent
Event: 2987.317 Executing VM operation: G1Concurrent done
Event: 2987.350 Executing VM operation: G1Concurrent
Event: 2987.351 Executing VM operation: G1Concurrent done
Event: 2988.364 Executing VM operation: Cleanup
Event: 2988.364 Executing VM operation: Cleanup done

Events (20 events):
Event: 2986.926 Thread 0x000001c3e6937890 flushing nmethod 0x000001c3d11e9a90
Event: 2986.926 Thread 0x000001c3e6937890 flushing nmethod 0x000001c3d120fc10
Event: 2986.927 Thread 0x000001c3e6937890 flushing nmethod 0x000001c3d12d0a90
Event: 2986.928 Thread 0x000001c3e6937890 flushing nmethod 0x000001c3d12f9a10
Event: 2986.928 Thread 0x000001c3e6937890 flushing nmethod 0x000001c3d1320d10
Event: 2986.928 Thread 0x000001c3e6937890 flushing nmethod 0x000001c3d1324490
Event: 2986.928 Thread 0x000001c3e6937890 flushing nmethod 0x000001c3d1327b10
Event: 2986.928 Thread 0x000001c3e6937890 flushing nmethod 0x000001c3d1333190
Event: 2986.928 Thread 0x000001c3e6937890 flushing nmethod 0x000001c3d1350190
Event: 2986.928 Thread 0x000001c3e6937890 flushing nmethod 0x000001c3d1358f90
Event: 2986.928 Thread 0x000001c3e6937890 flushing nmethod 0x000001c3d1388a90
Event: 2986.928 Thread 0x000001c3e6937890 flushing nmethod 0x000001c3d1389490
Event: 2986.929 Thread 0x000001c3e6937890 flushing nmethod 0x000001c3d1477f90
Event: 2986.929 Thread 0x000001c3e6937890 flushing nmethod 0x000001c3d152a310
Event: 2986.929 Thread 0x000001c3e6937890 flushing nmethod 0x000001c3d1549110
Event: 2986.929 Thread 0x000001c3e6937890 flushing nmethod 0x000001c3d15a1310
Event: 2986.929 Thread 0x000001c3e6937890 flushing nmethod 0x000001c3d1630190
Event: 2986.929 Thread 0x000001c3e6937890 flushing nmethod 0x000001c3d1632290
Event: 2986.929 Thread 0x000001c3e6937890 flushing nmethod 0x000001c3d1664810
Event: 2986.930 Thread 0x000001c3e6937890 flushing nmethod 0x000001c3d1826790


Dynamic libraries:
0x00007ff793da0000 - 0x00007ff793db0000 	C:\Program Files\Java\jdk-17\bin\java.exe
0x00007ffa62e40000 - 0x00007ffa630a8000 	C:\WINDOWS\SYSTEM32\ntdll.dll
0x00007ffa611a0000 - 0x00007ffa61269000 	C:\WINDOWS\System32\KERNEL32.DLL
0x00007ffa607e0000 - 0x00007ffa60bd8000 	C:\WINDOWS\System32\KERNELBASE.dll
0x00007ffa604b0000 - 0x00007ffa605fb000 	C:\WINDOWS\System32\ucrtbase.dll
0x00007ffa5aac0000 - 0x00007ffa5aad9000 	C:\Program Files\Java\jdk-17\bin\jli.dll
0x00007ffa5aa60000 - 0x00007ffa5aa7b000 	C:\Program Files\Java\jdk-17\bin\VCRUNTIME140.dll
0x00007ffa619a0000 - 0x00007ffa61a54000 	C:\WINDOWS\System32\ADVAPI32.dll
0x00007ffa60f70000 - 0x00007ffa61019000 	C:\WINDOWS\System32\msvcrt.dll
0x00007ffa618b0000 - 0x00007ffa61956000 	C:\WINDOWS\System32\sechost.dll
0x00007ffa62ce0000 - 0x00007ffa62df8000 	C:\WINDOWS\System32\RPCRT4.dll
0x00007ffa623b0000 - 0x00007ffa62577000 	C:\WINDOWS\System32\USER32.dll
0x00007ffa603f0000 - 0x00007ffa60417000 	C:\WINDOWS\System32\win32u.dll
0x00007ffa61680000 - 0x00007ffa616ab000 	C:\WINDOWS\System32\GDI32.dll
0x00007ffa60600000 - 0x00007ffa6072c000 	C:\WINDOWS\System32\gdi32full.dll
0x00007ffa4cfb0000 - 0x00007ffa4d244000 	C:\WINDOWS\WinSxS\amd64_microsoft.windows.common-controls_6595b64144ccf1df_6.0.26100.7019_none_3e06ffa0e335b8a8\COMCTL32.dll
0x00007ffa60730000 - 0x00007ffa607d3000 	C:\WINDOWS\System32\msvcp_win.dll
0x00007ffa58f20000 - 0x00007ffa58f2b000 	C:\WINDOWS\SYSTEM32\VERSION.dll
0x00007ffa613e0000 - 0x00007ffa61411000 	C:\WINDOWS\System32\IMM32.DLL
0x00007ffa5aa50000 - 0x00007ffa5aa5c000 	C:\Program Files\Java\jdk-17\bin\vcruntime140_1.dll
0x00007ffa3ca20000 - 0x00007ffa3caae000 	C:\Program Files\Java\jdk-17\bin\msvcp140.dll
0x00007ff9d6310000 - 0x00007ff9d6ef1000 	C:\Program Files\Java\jdk-17\bin\server\jvm.dll
0x00007ffa61960000 - 0x00007ffa61968000 	C:\WINDOWS\System32\PSAPI.DLL
0x00007ffa397d0000 - 0x00007ffa397da000 	C:\WINDOWS\SYSTEM32\WSOCK32.dll
0x00007ffa58ee0000 - 0x00007ffa58f15000 	C:\WINDOWS\SYSTEM32\WINMM.dll
0x00007ffa61120000 - 0x00007ffa61194000 	C:\WINDOWS\System32\WS2_32.dll
0x00007ffa5ed50000 - 0x00007ffa5ed6b000 	C:\WINDOWS\SYSTEM32\kernel.appcore.dll
0x00007ffa5aa40000 - 0x00007ffa5aa4a000 	C:\Program Files\Java\jdk-17\bin\jimage.dll
0x00007ffa5d7f0000 - 0x00007ffa5da32000 	C:\WINDOWS\SYSTEM32\DBGHELP.DLL
0x00007ffa60be0000 - 0x00007ffa60f6b000 	C:\WINDOWS\System32\combase.dll
0x00007ffa616b0000 - 0x00007ffa61787000 	C:\WINDOWS\System32\OLEAUT32.dll
0x00007ffa45e90000 - 0x00007ffa45ecc000 	C:\WINDOWS\SYSTEM32\dbgcore.DLL
0x00007ffa60100000 - 0x00007ffa601a5000 	C:\WINDOWS\System32\bcryptPrimitives.dll
0x00007ffa5a9a0000 - 0x00007ffa5a9ae000 	C:\Program Files\Java\jdk-17\bin\instrument.dll
0x00007ffa4c5e0000 - 0x00007ffa4c605000 	C:\Program Files\Java\jdk-17\bin\java.dll
0x00007ffa3c940000 - 0x00007ffa3ca17000 	C:\Program Files\Java\jdk-17\bin\jsvml.dll
0x00007ffa62580000 - 0x00007ffa62cd1000 	C:\WINDOWS\System32\SHELL32.dll
0x00007ffa5ff90000 - 0x00007ffa600fb000 	C:\WINDOWS\System32\wintypes.dll
0x00007ffa5dbf0000 - 0x00007ffa5e44d000 	C:\WINDOWS\SYSTEM32\windows.storage.dll
0x00007ffa61500000 - 0x00007ffa615f2000 	C:\WINDOWS\System32\SHCORE.dll
0x00007ffa61610000 - 0x00007ffa61677000 	C:\WINDOWS\System32\shlwapi.dll
0x00007ffa5feb0000 - 0x00007ffa5fed9000 	C:\WINDOWS\SYSTEM32\profapi.dll
0x00007ffa4bc50000 - 0x00007ffa4bc68000 	C:\Program Files\Java\jdk-17\bin\zip.dll
0x00007ffa4be20000 - 0x00007ffa4be39000 	C:\Program Files\Java\jdk-17\bin\net.dll
0x00007ffa56ab0000 - 0x00007ffa56bd8000 	C:\WINDOWS\SYSTEM32\WINHTTP.dll
0x00007ffa5f2c0000 - 0x00007ffa5f32b000 	C:\WINDOWS\system32\mswsock.dll
0x00007ffa4bc70000 - 0x00007ffa4bc86000 	C:\Program Files\Java\jdk-17\bin\nio.dll
0x00007ffa5a980000 - 0x00007ffa5a98e000 	C:\Program Files\Java\jdk-17\bin\sunmscapi.dll
0x00007ffa601b0000 - 0x00007ffa60327000 	C:\WINDOWS\System32\CRYPT32.dll
0x00007ffa5f7a0000 - 0x00007ffa5f7d0000 	C:\WINDOWS\SYSTEM32\ncrypt.dll
0x00007ffa5f750000 - 0x00007ffa5f78f000 	C:\WINDOWS\SYSTEM32\NTASN1.dll
0x00007ffa56ee0000 - 0x00007ffa56eea000 	C:\Program Files\Java\jdk-17\bin\management.dll
0x00007ffa552c0000 - 0x00007ffa552cb000 	C:\Program Files\Java\jdk-17\bin\management_ext.dll
0x00007ffa5ee70000 - 0x00007ffa5eea6000 	C:\WINDOWS\SYSTEM32\ntmarta.dll
0x00007ffa5f580000 - 0x00007ffa5f59b000 	C:\WINDOWS\SYSTEM32\CRYPTSP.dll
0x00007ffa5ecb0000 - 0x00007ffa5ecea000 	C:\WINDOWS\system32\rsaenh.dll
0x00007ffa5f370000 - 0x00007ffa5f39b000 	C:\WINDOWS\SYSTEM32\USERENV.dll
0x00007ffa5fe80000 - 0x00007ffa5feaa000 	C:\WINDOWS\SYSTEM32\bcrypt.dll
0x00007ffa5f5a0000 - 0x00007ffa5f5ac000 	C:\WINDOWS\SYSTEM32\CRYPTBASE.dll
0x00007ffa5e7b0000 - 0x00007ffa5e7e4000 	C:\WINDOWS\SYSTEM32\IPHLPAPI.DLL
0x00007ffa61600000 - 0x00007ffa6160a000 	C:\WINDOWS\System32\NSI.dll
0x00007ffa56940000 - 0x00007ffa5695e000 	C:\WINDOWS\SYSTEM32\dhcpcsvc6.DLL
0x00007ffa56a50000 - 0x00007ffa56a73000 	C:\WINDOWS\SYSTEM32\dhcpcsvc.DLL
0x00007ffa5e850000 - 0x00007ffa5e97c000 	C:\WINDOWS\SYSTEM32\DNSAPI.dll
0x00007ffa53f50000 - 0x00007ffa53f60000 	C:\Program Files\Java\jdk-17\bin\verify.dll
0x00007ffa55030000 - 0x00007ffa5503b000 	C:\Windows\System32\rasadhlp.dll
0x00007ffa566c0000 - 0x00007ffa56746000 	C:\WINDOWS\System32\fwpuclnt.dll
0x00007ffa0f750000 - 0x00007ffa0f758000 	C:\WINDOWS\system32\wshunix.dll

dbghelp: loaded successfully - version: 4.0.5 - missing functions: none
symbol engine: initialized successfully - sym options: 0x614 - pdb path: .;C:\Program Files\Java\jdk-17\bin;C:\WINDOWS\SYSTEM32;C:\WINDOWS\WinSxS\amd64_microsoft.windows.common-controls_6595b64144ccf1df_6.0.26100.7019_none_3e06ffa0e335b8a8;C:\Program Files\Java\jdk-17\bin\server

VM Arguments:
jvm_args: -javaagent:F:\intelij soft\IntelliJ IDEA 2025.2\lib\idea_rt.jar=59925 -Dfile.encoding=UTF-8 
java_command: com.spring.jwt.JwtWithSpringSecurityApplication
java_class_path (initial): D:\GTasterix\KArtolApp-master\target\classes;C:\Users\Yash\.m2\repository\org\springframework\boot\spring-boot-starter-data-jpa\3.2.2\spring-boot-starter-data-jpa-3.2.2.jar;C:\Users\Yash\.m2\repository\org\springframework\boot\spring-boot-starter-aop\3.2.2\spring-boot-starter-aop-3.2.2.jar;C:\Users\Yash\.m2\repository\org\aspectj\aspectjweaver\1.9.21\aspectjweaver-1.9.21.jar;C:\Users\Yash\.m2\repository\org\springframework\boot\spring-boot-starter-jdbc\3.2.2\spring-boot-starter-jdbc-3.2.2.jar;C:\Users\Yash\.m2\repository\com\zaxxer\HikariCP\5.0.1\HikariCP-5.0.1.jar;C:\Users\Yash\.m2\repository\org\springframework\spring-jdbc\6.1.3\spring-jdbc-6.1.3.jar;C:\Users\Yash\.m2\repository\org\hibernate\orm\hibernate-core\6.4.1.Final\hibernate-core-6.4.1.Final.jar;C:\Users\Yash\.m2\repository\jakarta\persistence\jakarta.persistence-api\3.1.0\jakarta.persistence-api-3.1.0.jar;C:\Users\Yash\.m2\repository\jakarta\transaction\jakarta.transaction-api\2.0.1\jakarta.transaction-api-2.0.1.jar;C:\Users\Yash\.m2\repository\org\jboss\logging\jboss-logging\3.5.3.Final\jboss-logging-3.5.3.Final.jar;C:\Users\Yash\.m2\repository\org\hibernate\common\hibernate-commons-annotations\6.0.6.Final\hibernate-commons-annotations-6.0.6.Final.jar;C:\Users\Yash\.m2\repository\io\smallrye\jandex\3.1.2\jandex-3.1.2.jar;C:\Users\Yash\.m2\repository\com\fasterxml\classmate\1.6.0\classmate-1.6.0.jar;C:\Users\Yash\.m2\repository\org\glassfish\jaxb\jaxb-runtime\4.0.4\jaxb-runtime-4.0.4.jar;C:\Users\Yash\.m2\repository\org\glassfish\jaxb\jaxb-core\4.0.4\jaxb-core-4.0.4.jar;C:\Users\Yash\.m2\repository\org\glassfish\jaxb\txw2\4.0.4\txw2-4.0.4.jar;C:\Users\Yash\.m2\repository\com\sun\istack\istack-commons-runtime\4.1.2\istack-commons-runtime-4.1.2.jar;C:\Users\Yash\.m2\repository\jakarta\inject\jakarta.inject-api\2.0.1\jakarta.inject-api-2.0.1.jar;C:\Users\Yash\.m2\repository\org\antlr\antlr4-runtime\4.13.0\antlr4-runtime-4.13.0.jar;C:\Users\Yash\.m2\repository\org\springframework\
Launcher Type: SUN_STANDARD

[Global flags]
     intx CICompilerCount                          = 4                                         {product} {ergonomic}
     uint ConcGCThreads                            = 3                                         {product} {ergonomic}
     uint G1ConcRefinementThreads                  = 10                                        {product} {ergonomic}
   size_t G1HeapRegionSize                         = 1048576                                   {product} {ergonomic}
    uintx GCDrainStackTargetSize                   = 64                                        {product} {ergonomic}
   size_t InitialHeapSize                          = 123731968                                 {product} {ergonomic}
   size_t MarkStackSize                            = 4194304                                   {product} {ergonomic}
   size_t MaxHeapSize                              = 1979711488                                {product} {ergonomic}
   size_t MaxNewSize                               = 1186988032                                {product} {ergonomic}
   size_t MinHeapDeltaBytes                        = 1048576                                   {product} {ergonomic}
   size_t MinHeapSize                              = 8388608                                   {product} {ergonomic}
    uintx NonNMethodCodeHeapSize                   = 5839372                                {pd product} {ergonomic}
    uintx NonProfiledCodeHeapSize                  = 122909434                              {pd product} {ergonomic}
    uintx ProfiledCodeHeapSize                     = 122909434                              {pd product} {ergonomic}
    uintx ReservedCodeCacheSize                    = 251658240                              {pd product} {ergonomic}
     bool SegmentedCodeCache                       = true                                      {product} {ergonomic}
   size_t SoftMaxHeapSize                          = 1979711488                             {manageable} {ergonomic}
     bool UseCompressedClassPointers               = true                           {product lp64_product} {ergonomic}
     bool UseCompressedOops                        = true                           {product lp64_product} {ergonomic}
     bool UseG1GC                                  = true                                      {product} {ergonomic}
     bool UseLargePagesIndividualAllocation        = false                                  {pd product} {ergonomic}

Logging:
Log output configuration:
 #0: stdout all=warning uptime,level,tags
 #1: stderr all=off uptime,level,tags

Environment Variables:
JAVA_HOME=C:\Program Files\Java\jdk-17
PATH=C:\Python312\Scripts\;C:\Python312\;C:\Program Files (x86)\Common Files\Oracle\Java\javapath;F:\app\Yash\product\11.2.0\dbhome_1\bin;D:\WINDOWS.X64_213000_db_home\bin;C:\Windows\system32;C:\Windows;C:\Windows\System32\Wbem;C:\Windows\System32\WindowsPowerShell\v1.0\;C:\Windows\System32\OpenSSH\;C:\Program Files (x86)\NVIDIA Corporation\PhysX\Common;C:\WINDOWS\system32;C:\WINDOWS;C:\WINDOWS\System32\Wbem;C:\WINDOWS\System32\WindowsPowerShell\v1.0\;C:\WINDOWS\System32\OpenSSH\;C:\Program Files\dotnet\;C:\Program Files\Microsoft SQL Server\150\Tools\Binn\;C:\Program Files (x86)\Windows Kits\10\Windows Performance Toolkit\;C:\MinGW\bin;F:\nodejsappln\;C:\ProgramData\chocolatey\bin;C:\Program Files\NVIDIA Corporation\NVIDIA app\NvDLISR;C:\Program Files\Git LFS;C:\Program Files\Java\jdk-17\bin;C:\Program Files\apache-maven-3.9.11\bin;C:\Program Files\Git\cmd;C:\Program Files\MySQL\MySQL Shell 8.0\bin\;C:\Users\Yash\AppData\Roaming\npm;C:\Users\Yash\AppData\Local\Microsoft\WindowsApps;F:\intelij soft\IntelliJ IDEA 2025.2\bin;C:\Users\Yash\AppData\Local\GitHubDesktop\bin
USERNAME=Yash
OS=Windows_NT
PROCESSOR_IDENTIFIER=AMD64 Family 23 Model 96 Stepping 1, AuthenticAMD



---------------  S Y S T E M  ---------------

OS:
 Windows 11 , 64 bit Build 26100 (10.0.26100.7019)
OS uptime: 0 days 7:35 hours

CPU: total 12 (initial active 12) (12 cores per cpu, 2 threads per core) family 23 model 96 stepping 1 microcode 0x8600106, cx8, cmov, fxsr, ht, mmx, 3dnowpref, sse, sse2, sse3, ssse3, sse4a, sse4.1, sse4.2, popcnt, lzcnt, tsc, tscinvbit, avx, avx2, aes, clmul, bmi1, bmi2, adx, sha, fma, vzeroupper, clflush, clflushopt

Memory: 4k page, system-wide physical 7549M (341M free)
TotalPageFile size 31101M (AvailPageFile size 5M)
current process WorkingSet (physical memory assigned to process): 477M, peak: 523M
current process commit charge ("private bytes"): 582M, peak: 982M

vm_info: Java HotSpot(TM) 64-Bit Server VM (17.0.16+12-LTS-247) for windows-amd64 JRE (17.0.16+12-LTS-247), built on Jun 27 2025 10:11:42 by "mach5one" with MS VC++ 17.6 (VS2022)

END.
